# JRE version: Java(TM) SE Runtime Environment (11.0.6+8) (build 11.0.6+8-LTS)
# Java VM: Java HotSpot(TM) 64-Bit Server VM (11.0.6+8-LTS, mixed mode, tiered, compressed oops, g1 gc, windows-amd64)
Heap:
 garbage-first heap   total 114688K, used 64847K [0x00000000a0000000, 0x0000000100000000)
  region size 1024K, 2 young (2048K), 2 survivors (2048K)
 Metaspace       used 67441K, capacity 69046K, committed 69168K, reserved 1110016K
  class space    used 8535K, capacity 9056K, committed 9088K, reserved 1048576K
GC Heap History (10 events):
Event: 210.908 GC heap before
{Heap before GC invocations=65 (full 0):
 garbage-first heap   total 95232K, used 70920K [0x00000000a0000000, 0x0000000100000000)
  region size 1024K, 12 young (12288K), 1 survivors (1024K)
 Metaspace       used 60398K, capacity 61767K, committed 62000K, reserved 1103872K
  class space    used 7609K, capacity 8053K, committed 8064K, reserved 1048576K
}
Event: 210.915 GC heap after
{Heap after GC invocations=66 (full 0):
 garbage-first heap   total 95232K, used 60265K [0x00000000a0000000, 0x0000000100000000)
  region size 1024K, 2 young (2048K), 2 survivors (2048K)
 Metaspace       used 60398K, capacity 61767K, committed 62000K, reserved 1103872K
  class space    used 7609K, capacity 8053K, committed 8064K, reserved 1048576K
}
Event: 211.609 GC heap before
{Heap before GC invocations=66 (full 0):
 garbage-first heap   total 95232K, used 70505K [0x00000000a0000000, 0x0000000100000000)
  region size 1024K, 13 young (13312K), 2 survivors (2048K)
 Metaspace       used 61528K, capacity 62943K, committed 63152K, reserved 1103872K
  class space    used 7755K, capacity 8185K, committed 8192K, reserved 1048576K
}
Event: 211.619 GC heap after
{Heap after GC invocations=67 (full 0):
 garbage-first heap   total 95232K, used 61255K [0x00000000a0000000, 0x0000000100000000)
  region size 1024K, 2 young (2048K), 2 survivors (2048K)
 Metaspace       used 61528K, capacity 62943K, committed 63152K, reserved 1103872K
  class space    used 7755K, capacity 8185K, committed 8192K, reserved 1048576K
}
Event: 213.185 GC heap before
{Heap before GC invocations=68 (full 0):
 garbage-first heap   total 95232K, used 73543K [0x00000000a0000000, 0x0000000100000000)
  region size 1024K, 14 young (14336K), 2 survivors (2048K)
 Metaspace       used 62892K, capacity 64310K, committed 64432K, reserved 1105920K
  class space    used 7908K, capacity 8365K, committed 8448K, reserved 1048576K
}
Event: 213.192 GC heap after
{Heap after GC invocations=69 (full 0):
 garbage-first heap   total 95232K, used 61613K [0x00000000a0000000, 0x0000000100000000)
  region size 1024K, 2 young (2048K), 2 survivors (2048K)
 Metaspace       used 62892K, capacity 64310K, committed 64432K, reserved 1105920K
  class space    used 7908K, capacity 8365K, committed 8448K, reserved 1048576K
}
Event: 214.235 GC heap before
{Heap before GC invocations=69 (full 0):
 garbage-first heap   total 95232K, used 73901K [0x00000000a0000000, 0x0000000100000000)
  region size 1024K, 14 young (14336K), 2 survivors (2048K)
 Metaspace       used 64880K, capacity 66448K, committed 66736K, reserved 1107968K
  class space    used 8135K, capacity 8611K, committed 8704K, reserved 1048576K
}
Event: 214.243 GC heap after
{Heap after GC invocations=70 (full 0):
 garbage-first heap   total 95232K, used 63075K [0x00000000a0000000, 0x0000000100000000)
  region size 1024K, 2 young (2048K), 2 survivors (2048K)
 Metaspace       used 64880K, capacity 66448K, committed 66736K, reserved 1107968K
  class space    used 8135K, capacity 8611K, committed 8704K, reserved 1048576K
}
Event: 214.942 GC heap before
{Heap before GC invocations=71 (full 0):
 garbage-first heap   total 95232K, used 75363K [0x00000000a0000000, 0x0000000100000000)
  region size 1024K, 14 young (14336K), 2 survivors (2048K)
 Metaspace       used 65408K, capacity 66896K, committed 67120K, reserved 1107968K
  class space    used 8215K, capacity 8717K, committed 8832K, reserved 1048576K
}
Event: 214.951 GC heap after
{Heap after GC invocations=72 (full 0):
 garbage-first heap   total 95232K, used 64140K [0x00000000a0000000, 0x0000000100000000)
  region size 1024K, 1 young (1024K), 1 survivors (1024K)
 Metaspace       used 65408K, capacity 66896K, committed 67120K, reserved 1107968K
  class space    used 8215K, capacity 8717K, committed 8832K, reserved 1048576K
}

