# JRE version: OpenJDK Runtime Environment (8.0_242-b01) (build 1.8.0_242-release-1644-b01)
# Java VM: OpenJDK 64-Bit Server VM (25.242-b01 mixed mode windows-amd64 compressed oops)
Heap:
 PSYoungGen      total 214016K, used 17530K [0x00000000e0000000, 0x00000000f1400000, 0x0000000100000000)
  eden space 200192K, 1% used [0x00000000e0000000,0x00000000e03a1558,0x00000000ec380000)
  from space 13824K, 99% used [0x00000000ec380000,0x00000000ed0fd508,0x00000000ed100000)
  to   space 19968K, 0% used [0x00000000f0080000,0x00000000f0080000,0x00000000f1400000)
 ParOldGen       total 61952K, used 25357K [0x00000000a0000000, 0x00000000a3c80000, 0x00000000e0000000)
  object space 61952K, 40% used [0x00000000a0000000,0x00000000a18c3480,0x00000000a3c80000)
 Metaspace       used 52000K, capacity 53764K, committed 53800K, reserved 1095680K
  class space    used 7038K, capacity 7467K, committed 7472K, reserved 1048576K
GC Heap History (10 events):
Event: 9.318 GC heap before
{Heap before GC invocations=7 (full 1):
 PSYoungGen      total 139776K, used 6772K [0x00000000e0000000, 0x00000000e9300000, 0x0000000100000000)
  eden space 130560K, 0% used [0x00000000e0000000,0x00000000e0000000,0x00000000e7f80000)
  from space 9216K, 73% used [0x00000000e8900000,0x00000000e8f9d0f0,0x00000000e9200000)
  to   space 9728K, 0% used [0x00000000e7f80000,0x00000000e7f80000,0x00000000e8900000)
 ParOldGen       total 44032K, used 11439K [0x00000000a0000000, 0x00000000a2b00000, 0x00000000e0000000)
  object space 44032K, 25% used [0x00000000a0000000,0x00000000a0b2be50,0x00000000a2b00000)
 Metaspace       used 20637K, capacity 21240K, committed 21296K, reserved 1067008K
  class space    used 2888K, capacity 3088K, committed 3120K, reserved 1048576K
Event: 9.417 GC heap after
Heap after GC invocations=7 (full 1):
 PSYoungGen      total 139776K, used 0K [0x00000000e0000000, 0x00000000e9300000, 0x0000000100000000)
  eden space 130560K, 0% used [0x00000000e0000000,0x00000000e0000000,0x00000000e7f80000)
  from space 9216K, 0% used [0x00000000e8900000,0x00000000e8900000,0x00000000e9200000)
  to   space 9728K, 0% used [0x00000000e7f80000,0x00000000e7f80000,0x00000000e8900000)
 ParOldGen       total 43520K, used 12112K [0x00000000a0000000, 0x00000000a2a80000, 0x00000000e0000000)
  object space 43520K, 27% used [0x00000000a0000000,0x00000000a0bd4110,0x00000000a2a80000)
 Metaspace       used 20637K, capacity 21240K, committed 21296K, reserved 1067008K
  class space    used 2888K, capacity 3088K, committed 3120K, reserved 1048576K
}
Event: 14.920 GC heap before
{Heap before GC invocations=8 (full 1):
 PSYoungGen      total 139776K, used 130560K [0x00000000e0000000, 0x00000000e9300000, 0x0000000100000000)
  eden space 130560K, 100% used [0x00000000e0000000,0x00000000e7f80000,0x00000000e7f80000)
  from space 9216K, 0% used [0x00000000e8900000,0x00000000e8900000,0x00000000e9200000)
  to   space 9728K, 0% used [0x00000000e7f80000,0x00000000e7f80000,0x00000000e8900000)
 ParOldGen       total 43520K, used 12112K [0x00000000a0000000, 0x00000000a2a80000, 0x00000000e0000000)
  object space 43520K, 27% used [0x00000000a0000000,0x00000000a0bd4110,0x00000000a2a80000)
 Metaspace       used 32432K, capacity 33260K, committed 33456K, reserved 1077248K
  class space    used 4426K, capacity 4677K, committed 4784K, reserved 1048576K
Event: 14.995 GC heap after
Heap after GC invocations=8 (full 1):
 PSYoungGen      total 140288K, used 9715K [0x00000000e0000000, 0x00000000ede00000, 0x0000000100000000)
  eden space 130560K, 0% used [0x00000000e0000000,0x00000000e0000000,0x00000000e7f80000)
  from space 9728K, 99% used [0x00000000e7f80000,0x00000000e88fcdd8,0x00000000e8900000)
  to   space 13312K, 0% used [0x00000000ed100000,0x00000000ed100000,0x00000000ede00000)
 ParOldGen       total 43520K, used 15813K [0x00000000a0000000, 0x00000000a2a80000, 0x00000000e0000000)
  object space 43520K, 36% used [0x00000000a0000000,0x00000000a0f714a8,0x00000000a2a80000)
 Metaspace       used 32432K, capacity 33260K, committed 33456K, reserved 1077248K
  class space    used 4426K, capacity 4677K, committed 4784K, reserved 1048576K
}
Event: 16.575 GC heap before
{Heap before GC invocations=9 (full 1):
 PSYoungGen      total 140288K, used 59885K [0x00000000e0000000, 0x00000000ede00000, 0x0000000100000000)
  eden space 130560K, 38% used [0x00000000e0000000,0x00000000e30fe8f8,0x00000000e7f80000)
  from space 9728K, 99% used [0x00000000e7f80000,0x00000000e88fcdd8,0x00000000e8900000)
  to   space 13312K, 0% used [0x00000000ed100000,0x00000000ed100000,0x00000000ede00000)
 ParOldGen       total 43520K, used 15813K [0x00000000a0000000, 0x00000000a2a80000, 0x00000000e0000000)
  object space 43520K, 36% used [0x00000000a0000000,0x00000000a0f714a8,0x00000000a2a80000)
 Metaspace       used 34547K, capacity 35410K, committed 35496K, reserved 1079296K
  class space    used 4738K, capacity 4974K, committed 5040K, reserved 1048576K
Event: 16.629 GC heap after
Heap after GC invocations=9 (full 1):
 PSYoungGen      total 213504K, used 8521K [0x00000000e0000000, 0x00000000eea00000, 0x0000000100000000)
  eden space 200192K, 0% used [0x00000000e0000000,0x00000000e0000000,0x00000000ec380000)
  from space 13312K, 64% used [0x00000000ed100000,0x00000000ed952588,0x00000000ede00000)
  to   space 13824K, 0% used [0x00000000ec380000,0x00000000ec380000,0x00000000ed100000)
 ParOldGen       total 43520K, used 15821K [0x00000000a0000000, 0x00000000a2a80000, 0x00000000e0000000)
  object space 43520K, 36% used [0x00000000a0000000,0x00000000a0f734a8,0x00000000a2a80000)
 Metaspace       used 34547K, capacity 35410K, committed 35496K, reserved 1079296K
  class space    used 4738K, capacity 4974K, committed 5040K, reserved 1048576K
}
Event: 16.629 GC heap before
{Heap before GC invocations=10 (full 2):
 PSYoungGen      total 213504K, used 8521K [0x00000000e0000000, 0x00000000eea00000, 0x0000000100000000)
  eden space 200192K, 0% used [0x00000000e0000000,0x00000000e0000000,0x00000000ec380000)
  from space 13312K, 64% used [0x00000000ed100000,0x00000000ed952588,0x00000000ede00000)
  to   space 13824K, 0% used [0x00000000ec380000,0x00000000ec380000,0x00000000ed100000)
 ParOldGen       total 43520K, used 15821K [0x00000000a0000000, 0x00000000a2a80000, 0x00000000e0000000)
  object space 43520K, 36% used [0x00000000a0000000,0x00000000a0f734a8,0x00000000a2a80000)
 Metaspace       used 34547K, capacity 35410K, committed 35496K, reserved 1079296K
  class space    used 4738K, capacity 4974K, committed 5040K, reserved 1048576K
Event: 16.979 GC heap after
Heap after GC invocations=10 (full 2):
 PSYoungGen      total 213504K, used 0K [0x00000000e0000000, 0x00000000eea00000, 0x0000000100000000)
  eden space 200192K, 0% used [0x00000000e0000000,0x00000000e0000000,0x00000000ec380000)
  from space 13312K, 0% used [0x00000000ed100000,0x00000000ed100000,0x00000000ede00000)
  to   space 13824K, 0% used [0x00000000ec380000,0x00000000ec380000,0x00000000ed100000)
 ParOldGen       total 61952K, used 15145K [0x00000000a0000000, 0x00000000a3c80000, 0x00000000e0000000)
  object space 61952K, 24% used [0x00000000a0000000,0x00000000a0eca700,0x00000000a3c80000)
 Metaspace       used 34547K, capacity 35410K, committed 35496K, reserved 1079296K
  class space    used 4738K, capacity 4974K, committed 5040K, reserved 1048576K
}
Event: 24.911 GC heap before
{Heap before GC invocations=11 (full 2):
 PSYoungGen      total 213504K, used 200192K [0x00000000e0000000, 0x00000000eea00000, 0x0000000100000000)
  eden space 200192K, 100% used [0x00000000e0000000,0x00000000ec380000,0x00000000ec380000)
  from space 13312K, 0% used [0x00000000ed100000,0x00000000ed100000,0x00000000ede00000)
  to   space 13824K, 0% used [0x00000000ec380000,0x00000000ec380000,0x00000000ed100000)
 ParOldGen       total 61952K, used 15145K [0x00000000a0000000, 0x00000000a3c80000, 0x00000000e0000000)
  object space 61952K, 24% used [0x00000000a0000000,0x00000000a0eca700,0x00000000a3c80000)
 Metaspace       used 51558K, capacity 53260K, committed 53544K, reserved 1095680K
  class space    used 6949K, capacity 7365K, committed 7472K, reserved 1048576K
Event: 24.987 GC heap after
Heap after GC invocations=11 (full 2):
 PSYoungGen      total 214016K, used 13813K [0x00000000e0000000, 0x00000000f1400000, 0x0000000100000000)
  eden space 200192K, 0% used [0x00000000e0000000,0x00000000e0000000,0x00000000ec380000)
  from space 13824K, 99% used [0x00000000ec380000,0x00000000ed0fd508,0x00000000ed100000)
  to   space 19968K, 0% used [0x00000000f0080000,0x00000000f0080000,0x00000000f1400000)
 ParOldGen       total 61952K, used 25357K [0x00000000a0000000, 0x00000000a3c80000, 0x00000000e0000000)
  object space 61952K, 40% used [0x00000000a0000000,0x00000000a18c3480,0x00000000a3c80000)
 Metaspace       used 51558K, capacity 53260K, committed 53544K, reserved 1095680K
  class space    used 6949K, capacity 7365K, committed 7472K, reserved 1048576K
}

