# JRE version: OpenJDK Runtime Environment (8.0_242-b01) (build 1.8.0_242-release-1644-b01)
# Java VM: OpenJDK 64-Bit Server VM (25.242-b01 mixed mode windows-amd64 compressed oops)
Heap:
 PSYoungGen      total 194048K, used 177791K [0x00000000e0000000, 0x00000000ed000000, 0x0000000100000000)
  eden space 175104K, 92% used [0x00000000e0000000,0x00000000e9e28da0,0x00000000eab00000)
  from space 18944K, 83% used [0x00000000eab00000,0x00000000eba76ed0,0x00000000ebd80000)
  to   space 13312K, 0% used [0x00000000ec300000,0x00000000ec300000,0x00000000ed000000)
 ParOldGen       total 85504K, used 28760K [0x00000000a0000000, 0x00000000a5380000, 0x00000000e0000000)
  object space 85504K, 33% used [0x00000000a0000000,0x00000000a1c16338,0x00000000a5380000)
 Metaspace       used 76327K, capacity 79510K, committed 79704K, reserved 1118208K
  class space    used 10155K, capacity 10760K, committed 10880K, reserved 1048576K
GC Heap History (10 events):
Event: 34.500 GC heap before
{Heap before GC invocations=16 (full 2):
 PSYoungGen      total 130048K, used 130045K [0x00000000e0000000, 0x00000000ea880000, 0x0000000100000000)
  eden space 121344K, 100% used [0x00000000e0000000,0x00000000e7680000,0x00000000e7680000)
  from space 8704K, 99% used [0x00000000e7680000,0x00000000e7eff5a8,0x00000000e7f00000)
  to   space 12288K, 0% used [0x00000000e9c80000,0x00000000e9c80000,0x00000000ea880000)
 ParOldGen       total 53760K, used 20647K [0x00000000a0000000, 0x00000000a3480000, 0x00000000e0000000)
  object space 53760K, 38% used [0x00000000a0000000,0x00000000a1429f00,0x00000000a3480000)
 Metaspace       used 55409K, capacity 57240K, committed 57432K, reserved 1099776K
  class space    used 7552K, capacity 7981K, committed 8064K, reserved 1048576K
Event: 34.555 GC heap after
Heap after GC invocations=16 (full 2):
 PSYoungGen      total 155136K, used 12267K [0x00000000e0000000, 0x00000000eb200000, 0x0000000100000000)
  eden space 142848K, 0% used [0x00000000e0000000,0x00000000e0000000,0x00000000e8b80000)
  from space 12288K, 99% used [0x00000000e9c80000,0x00000000ea87ad30,0x00000000ea880000)
  to   space 17408K, 0% used [0x00000000e8b80000,0x00000000e8b80000,0x00000000e9c80000)
 ParOldGen       total 53760K, used 30432K [0x00000000a0000000, 0x00000000a3480000, 0x00000000e0000000)
  object space 53760K, 56% used [0x00000000a0000000,0x00000000a1db82e0,0x00000000a3480000)
 Metaspace       used 55409K, capacity 57240K, committed 57432K, reserved 1099776K
  class space    used 7552K, capacity 7981K, committed 8064K, reserved 1048576K
}
Event: 35.187 GC heap before
{Heap before GC invocations=17 (full 2):
 PSYoungGen      total 155136K, used 34050K [0x00000000e0000000, 0x00000000eb200000, 0x0000000100000000)
  eden space 142848K, 15% used [0x00000000e0000000,0x00000000e1545da8,0x00000000e8b80000)
  from space 12288K, 99% used [0x00000000e9c80000,0x00000000ea87ad30,0x00000000ea880000)
  to   space 17408K, 0% used [0x00000000e8b80000,0x00000000e8b80000,0x00000000e9c80000)
 ParOldGen       total 53760K, used 30432K [0x00000000a0000000, 0x00000000a3480000, 0x00000000e0000000)
  object space 53760K, 56% used [0x00000000a0000000,0x00000000a1db82e0,0x00000000a3480000)
 Metaspace       used 57023K, capacity 58874K, committed 58968K, reserved 1099776K
  class space    used 7821K, capacity 8254K, committed 8320K, reserved 1048576K
Event: 35.210 GC heap after
Heap after GC invocations=17 (full 2):
 PSYoungGen      total 160256K, used 2016K [0x00000000e0000000, 0x00000000ed400000, 0x0000000100000000)
  eden space 142848K, 0% used [0x00000000e0000000,0x00000000e0000000,0x00000000e8b80000)
  from space 17408K, 11% used [0x00000000e8b80000,0x00000000e8d782b8,0x00000000e9c80000)
  to   space 17408K, 0% used [0x00000000ec300000,0x00000000ec300000,0x00000000ed400000)
 ParOldGen       total 53760K, used 37253K [0x00000000a0000000, 0x00000000a3480000, 0x00000000e0000000)
  object space 53760K, 69% used [0x00000000a0000000,0x00000000a2461720,0x00000000a3480000)
 Metaspace       used 57023K, capacity 58874K, committed 58968K, reserved 1099776K
  class space    used 7821K, capacity 8254K, committed 8320K, reserved 1048576K
}
Event: 35.211 GC heap before
{Heap before GC invocations=18 (full 3):
 PSYoungGen      total 160256K, used 2016K [0x00000000e0000000, 0x00000000ed400000, 0x0000000100000000)
  eden space 142848K, 0% used [0x00000000e0000000,0x00000000e0000000,0x00000000e8b80000)
  from space 17408K, 11% used [0x00000000e8b80000,0x00000000e8d782b8,0x00000000e9c80000)
  to   space 17408K, 0% used [0x00000000ec300000,0x00000000ec300000,0x00000000ed400000)
 ParOldGen       total 53760K, used 37253K [0x00000000a0000000, 0x00000000a3480000, 0x00000000e0000000)
  object space 53760K, 69% used [0x00000000a0000000,0x00000000a2461720,0x00000000a3480000)
 Metaspace       used 57023K, capacity 58874K, committed 58968K, reserved 1099776K
  class space    used 7821K, capacity 8254K, committed 8320K, reserved 1048576K
Event: 35.642 GC heap after
Heap after GC invocations=18 (full 3):
 PSYoungGen      total 160256K, used 0K [0x00000000e0000000, 0x00000000ed400000, 0x0000000100000000)
  eden space 142848K, 0% used [0x00000000e0000000,0x00000000e0000000,0x00000000e8b80000)
  from space 17408K, 0% used [0x00000000e8b80000,0x00000000e8b80000,0x00000000e9c80000)
  to   space 17408K, 0% used [0x00000000ec300000,0x00000000ec300000,0x00000000ed400000)
 ParOldGen       total 85504K, used 28736K [0x00000000a0000000, 0x00000000a5380000, 0x00000000e0000000)
  object space 85504K, 33% used [0x00000000a0000000,0x00000000a1c10338,0x00000000a5380000)
 Metaspace       used 57011K, capacity 58832K, committed 58968K, reserved 1099776K
  class space    used 7818K, capacity 8247K, committed 8320K, reserved 1048576K
}
Event: 48.836 GC heap before
{Heap before GC invocations=19 (full 3):
 PSYoungGen      total 160256K, used 142848K [0x00000000e0000000, 0x00000000ed400000, 0x0000000100000000)
  eden space 142848K, 100% used [0x00000000e0000000,0x00000000e8b80000,0x00000000e8b80000)
  from space 17408K, 0% used [0x00000000e8b80000,0x00000000e8b80000,0x00000000e9c80000)
  to   space 17408K, 0% used [0x00000000ec300000,0x00000000ec300000,0x00000000ed400000)
 ParOldGen       total 85504K, used 28736K [0x00000000a0000000, 0x00000000a5380000, 0x00000000e0000000)
  object space 85504K, 33% used [0x00000000a0000000,0x00000000a1c10338,0x00000000a5380000)
 Metaspace       used 65592K, capacity 68284K, committed 68440K, reserved 1107968K
  class space    used 8977K, capacity 9505K, committed 9600K, reserved 1048576K
Event: 48.890 GC heap after
Heap after GC invocations=19 (full 3):
 PSYoungGen      total 188416K, used 13133K [0x00000000e0000000, 0x00000000ed000000, 0x0000000100000000)
  eden space 175104K, 0% used [0x00000000e0000000,0x00000000e0000000,0x00000000eab00000)
  from space 13312K, 98% used [0x00000000ec300000,0x00000000ecfd3628,0x00000000ed000000)
  to   space 18944K, 0% used [0x00000000eab00000,0x00000000eab00000,0x00000000ebd80000)
 ParOldGen       total 85504K, used 28752K [0x00000000a0000000, 0x00000000a5380000, 0x00000000e0000000)
  object space 85504K, 33% used [0x00000000a0000000,0x00000000a1c14338,0x00000000a5380000)
 Metaspace       used 65592K, capacity 68284K, committed 68440K, reserved 1107968K
  class space    used 8977K, capacity 9505K, committed 9600K, reserved 1048576K
}
Event: 65.180 GC heap before
{Heap before GC invocations=20 (full 3):
 PSYoungGen      total 188416K, used 188237K [0x00000000e0000000, 0x00000000ed000000, 0x0000000100000000)
  eden space 175104K, 100% used [0x00000000e0000000,0x00000000eab00000,0x00000000eab00000)
  from space 13312K, 98% used [0x00000000ec300000,0x00000000ecfd3628,0x00000000ed000000)
  to   space 18944K, 0% used [0x00000000eab00000,0x00000000eab00000,0x00000000ebd80000)
 ParOldGen       total 85504K, used 28752K [0x00000000a0000000, 0x00000000a5380000, 0x00000000e0000000)
  object space 85504K, 33% used [0x00000000a0000000,0x00000000a1c14338,0x00000000a5380000)
 Metaspace       used 71480K, capacity 74312K, committed 74456K, reserved 1114112K
  class space    used 9579K, capacity 10159K, committed 10240K, reserved 1048576K
Event: 65.256 GC heap after
Heap after GC invocations=20 (full 3):
 PSYoungGen      total 194048K, used 15835K [0x00000000e0000000, 0x00000000ed000000, 0x0000000100000000)
  eden space 175104K, 0% used [0x00000000e0000000,0x00000000e0000000,0x00000000eab00000)
  from space 18944K, 83% used [0x00000000eab00000,0x00000000eba76ed0,0x00000000ebd80000)
  to   space 13312K, 0% used [0x00000000ec300000,0x00000000ec300000,0x00000000ed000000)
 ParOldGen       total 85504K, used 28760K [0x00000000a0000000, 0x00000000a5380000, 0x00000000e0000000)
  object space 85504K, 33% used [0x00000000a0000000,0x00000000a1c16338,0x00000000a5380000)
 Metaspace       used 71480K, capacity 74312K, committed 74456K, reserved 1114112K
  class space    used 9579K, capacity 10159K, committed 10240K, reserved 1048576K
}

