# JRE version: OpenJDK Runtime Environment (8.0_212-b04) (build 1.8.0_212-release-1586-b04)
# Java VM: OpenJDK 64-Bit Server VM (25.212-b04 mixed mode windows-amd64 compressed oops)
Heap:
 PSYoungGen      total 185344K, used 3625K [0x00000000e0000000, 0x00000000ec700000, 0x0000000100000000)
  eden space 168448K, 0% used [0x00000000e0000000,0x00000000e0000000,0x00000000ea480000)
  from space 16896K, 21% used [0x00000000ea480000,0x00000000ea80a7b8,0x00000000eb500000)
  to   space 11776K, 0% used [0x00000000eb500000,0x00000000eb500000,0x00000000ec080000)
 ParOldGen       total 49664K, used 36540K [0x00000000a0000000, 0x00000000a3080000, 0x00000000e0000000)
  object space 49664K, 73% used [0x00000000a0000000,0x00000000a23af010,0x00000000a3080000)
 Metaspace       used 56912K, capacity 59046K, committed 59160K, reserved 1099776K
  class space    used 7796K, capacity 8268K, committed 8360K, reserved 1048576K
GC Heap History (10 events):
Event: 18.985 GC heap after
Heap after GC invocations=13 (full 1):
 PSYoungGen      total 138752K, used 1906K [0x00000000e0000000, 0x00000000e9e00000, 0x0000000100000000)
  eden space 129536K, 0% used [0x00000000e0000000,0x00000000e0000000,0x00000000e7e80000)
  from space 9216K, 20% used [0x00000000e8800000,0x00000000e89dca20,0x00000000e9100000)
  to   space 9728K, 0% used [0x00000000e7e80000,0x00000000e7e80000,0x00000000e8800000)
 ParOldGen       total 33280K, used 16298K [0x00000000a0000000, 0x00000000a2080000, 0x00000000e0000000)
  object space 33280K, 48% used [0x00000000a0000000,0x00000000a0feab88,0x00000000a2080000)
 Metaspace       used 34480K, capacity 35384K, committed 35496K, reserved 1079296K
  class space    used 4680K, capacity 4943K, committed 5032K, reserved 1048576K
}
Event: 18.985 GC heap before
{Heap before GC invocations=14 (full 2):
 PSYoungGen      total 138752K, used 1906K [0x00000000e0000000, 0x00000000e9e00000, 0x0000000100000000)
  eden space 129536K, 0% used [0x00000000e0000000,0x00000000e0000000,0x00000000e7e80000)
  from space 9216K, 20% used [0x00000000e8800000,0x00000000e89dca20,0x00000000e9100000)
  to   space 9728K, 0% used [0x00000000e7e80000,0x00000000e7e80000,0x00000000e8800000)
 ParOldGen       total 33280K, used 16298K [0x00000000a0000000, 0x00000000a2080000, 0x00000000e0000000)
  object space 33280K, 48% used [0x00000000a0000000,0x00000000a0feab88,0x00000000a2080000)
 Metaspace       used 34480K, capacity 35384K, committed 35496K, reserved 1079296K
  class space    used 4680K, capacity 4943K, committed 5032K, reserved 1048576K
Event: 19.145 GC heap after
Heap after GC invocations=14 (full 2):
 PSYoungGen      total 138752K, used 0K [0x00000000e0000000, 0x00000000e9e00000, 0x0000000100000000)
  eden space 129536K, 0% used [0x00000000e0000000,0x00000000e0000000,0x00000000e7e80000)
  from space 9216K, 0% used [0x00000000e8800000,0x00000000e8800000,0x00000000e9100000)
  to   space 9728K, 0% used [0x00000000e7e80000,0x00000000e7e80000,0x00000000e8800000)
 ParOldGen       total 49664K, used 15417K [0x00000000a0000000, 0x00000000a3080000, 0x00000000e0000000)
  object space 49664K, 31% used [0x00000000a0000000,0x00000000a0f0e4f8,0x00000000a3080000)
 Metaspace       used 34480K, capacity 35384K, committed 35496K, reserved 1079296K
  class space    used 4680K, capacity 4943K, committed 5032K, reserved 1048576K
}
Event: 24.018 GC heap before
{Heap before GC invocations=15 (full 2):
 PSYoungGen      total 138752K, used 129536K [0x00000000e0000000, 0x00000000e9e00000, 0x0000000100000000)
  eden space 129536K, 100% used [0x00000000e0000000,0x00000000e7e80000,0x00000000e7e80000)
  from space 9216K, 0% used [0x00000000e8800000,0x00000000e8800000,0x00000000e9100000)
  to   space 9728K, 0% used [0x00000000e7e80000,0x00000000e7e80000,0x00000000e8800000)
 ParOldGen       total 49664K, used 15417K [0x00000000a0000000, 0x00000000a3080000, 0x00000000e0000000)
  object space 49664K, 31% used [0x00000000a0000000,0x00000000a0f0e4f8,0x00000000a3080000)
 Metaspace       used 43924K, capacity 45462K, committed 45736K, reserved 1089536K
  class space    used 5958K, capacity 6312K, committed 6312K, reserved 1048576K
Event: 24.045 GC heap after
Heap after GC invocations=15 (full 2):
 PSYoungGen      total 139264K, used 9705K [0x00000000e0000000, 0x00000000ec080000, 0x0000000100000000)
  eden space 129536K, 0% used [0x00000000e0000000,0x00000000e0000000,0x00000000e7e80000)
  from space 9728K, 99% used [0x00000000e7e80000,0x00000000e87fa670,0x00000000e8800000)
  to   space 11776K, 0% used [0x00000000eb500000,0x00000000eb500000,0x00000000ec080000)
 ParOldGen       total 49664K, used 18137K [0x00000000a0000000, 0x00000000a3080000, 0x00000000e0000000)
  object space 49664K, 36% used [0x00000000a0000000,0x00000000a11b6430,0x00000000a3080000)
 Metaspace       used 43924K, capacity 45462K, committed 45736K, reserved 1089536K
  class space    used 5958K, capacity 6312K, committed 6312K, reserved 1048576K
}
Event: 31.014 GC heap before
{Heap before GC invocations=16 (full 2):
 PSYoungGen      total 139264K, used 139241K [0x00000000e0000000, 0x00000000ec080000, 0x0000000100000000)
  eden space 129536K, 100% used [0x00000000e0000000,0x00000000e7e80000,0x00000000e7e80000)
  from space 9728K, 99% used [0x00000000e7e80000,0x00000000e87fa670,0x00000000e8800000)
  to   space 11776K, 0% used [0x00000000eb500000,0x00000000eb500000,0x00000000ec080000)
 ParOldGen       total 49664K, used 18137K [0x00000000a0000000, 0x00000000a3080000, 0x00000000e0000000)
  object space 49664K, 36% used [0x00000000a0000000,0x00000000a11b6430,0x00000000a3080000)
 Metaspace       used 54558K, capacity 56656K, committed 56872K, reserved 1097728K
  class space    used 7443K, capacity 7913K, committed 7976K, reserved 1048576K
Event: 31.061 GC heap after
Heap after GC invocations=16 (full 2):
 PSYoungGen      total 180224K, used 11748K [0x00000000e0000000, 0x00000000ec700000, 0x0000000100000000)
  eden space 168448K, 0% used [0x00000000e0000000,0x00000000e0000000,0x00000000ea480000)
  from space 11776K, 99% used [0x00000000eb500000,0x00000000ec079318,0x00000000ec080000)
  to   space 16896K, 0% used [0x00000000ea480000,0x00000000ea480000,0x00000000eb500000)
 ParOldGen       total 49664K, used 27498K [0x00000000a0000000, 0x00000000a3080000, 0x00000000e0000000)
  object space 49664K, 55% used [0x00000000a0000000,0x00000000a1ada848,0x00000000a3080000)
 Metaspace       used 54558K, capacity 56656K, committed 56872K, reserved 1097728K
  class space    used 7443K, capacity 7913K, committed 7976K, reserved 1048576K
}
Event: 33.401 GC heap before
{Heap before GC invocations=17 (full 2):
 PSYoungGen      total 180224K, used 59592K [0x00000000e0000000, 0x00000000ec700000, 0x0000000100000000)
  eden space 168448K, 28% used [0x00000000e0000000,0x00000000e2eb8dd0,0x00000000ea480000)
  from space 11776K, 99% used [0x00000000eb500000,0x00000000ec079318,0x00000000ec080000)
  to   space 16896K, 0% used [0x00000000ea480000,0x00000000ea480000,0x00000000eb500000)
 ParOldGen       total 49664K, used 27498K [0x00000000a0000000, 0x00000000a3080000, 0x00000000e0000000)
  object space 49664K, 55% used [0x00000000a0000000,0x00000000a1ada848,0x00000000a3080000)
 Metaspace       used 56912K, capacity 59046K, committed 59160K, reserved 1099776K
  class space    used 7796K, capacity 8268K, committed 8360K, reserved 1048576K
Event: 33.553 GC heap after
Heap after GC invocations=17 (full 2):
 PSYoungGen      total 185344K, used 3625K [0x00000000e0000000, 0x00000000ec700000, 0x0000000100000000)
  eden space 168448K, 0% used [0x00000000e0000000,0x00000000e0000000,0x00000000ea480000)
  from space 16896K, 21% used [0x00000000ea480000,0x00000000ea80a7b8,0x00000000eb500000)
  to   space 11776K, 0% used [0x00000000eb500000,0x00000000eb500000,0x00000000ec080000)
 ParOldGen       total 49664K, used 36540K [0x00000000a0000000, 0x00000000a3080000, 0x00000000e0000000)
  object space 49664K, 73% used [0x00000000a0000000,0x00000000a23af010,0x00000000a3080000)
 Metaspace       used 56912K, capacity 59046K, committed 59160K, reserved 1099776K
  class space    used 7796K, capacity 8268K, committed 8360K, reserved 1048576K
}
Event: 33.554 GC heap before
{Heap before GC invocations=18 (full 3):
 PSYoungGen      total 185344K, used 3625K [0x00000000e0000000, 0x00000000ec700000, 0x0000000100000000)
  eden space 168448K, 0% used [0x00000000e0000000,0x00000000e0000000,0x00000000ea480000)
  from space 16896K, 21% used [0x00000000ea480000,0x00000000ea80a7b8,0x00000000eb500000)
  to   space 11776K, 0% used [0x00000000eb500000,0x00000000eb500000,0x00000000ec080000)
 ParOldGen       total 49664K, used 36540K [0x00000000a0000000, 0x00000000a3080000, 0x00000000e0000000)
  object space 49664K, 73% used [0x00000000a0000000,0x00000000a23af010,0x00000000a3080000)
 Metaspace       used 56912K, capacity 59046K, committed 59160K, reserved 1099776K
  class space    used 7796K, capacity 8268K, committed 8360K, reserved 1048576K

