# JRE version: OpenJDK Runtime Environment (8.0_242-b01) (build 1.8.0_242-release-1644-b01)
# Java VM: OpenJDK 64-Bit Server VM (25.242-b01 mixed mode windows-amd64 compressed oops)
Heap:
 PSYoungGen      total 239616K, used 216125K [0x00000000e0000000, 0x00000000f2900000, 0x0000000100000000)
  eden space 221696K, 89% used [0x00000000e0000000,0x00000000ec1b69c0,0x00000000ed880000)
  from space 17920K, 99% used [0x00000000ed880000,0x00000000ee9d8cc0,0x00000000eea00000)
  to   space 20480K, 0% used [0x00000000f1500000,0x00000000f1500000,0x00000000f2900000)
 ParOldGen       total 90112K, used 33188K [0x00000000a0000000, 0x00000000a5800000, 0x00000000e0000000)
  object space 90112K, 36% used [0x00000000a0000000,0x00000000a2069120,0x00000000a5800000)
 Metaspace       used 76974K, capacity 80914K, committed 81192K, reserved 1120256K
  class space    used 10544K, capacity 11248K, committed 11312K, reserved 1048576K
GC Heap History (10 events):
Event: 15.621 GC heap before
{Heap before GC invocations=12 (full 2):
 PSYoungGen      total 192512K, used 9157K [0x00000000e0000000, 0x00000000ec980000, 0x0000000100000000)
  eden space 180224K, 0% used [0x00000000e0000000,0x00000000e0000000,0x00000000eb000000)
  from space 12288K, 74% used [0x00000000ebc80000,0x00000000ec571420,0x00000000ec880000)
  to   space 12800K, 0% used [0x00000000eb000000,0x00000000eb000000,0x00000000ebc80000)
 ParOldGen       total 34304K, used 13229K [0x00000000a0000000, 0x00000000a2180000, 0x00000000e0000000)
  object space 34304K, 38% used [0x00000000a0000000,0x00000000a0ceb640,0x00000000a2180000)
 Metaspace       used 34597K, capacity 35430K, committed 35496K, reserved 1079296K
  class space    used 4740K, capacity 4976K, committed 5040K, reserved 1048576K
Event: 15.903 GC heap after
Heap after GC invocations=12 (full 2):
 PSYoungGen      total 192512K, used 0K [0x00000000e0000000, 0x00000000ec980000, 0x0000000100000000)
  eden space 180224K, 0% used [0x00000000e0000000,0x00000000e0000000,0x00000000eb000000)
  from space 12288K, 0% used [0x00000000ebc80000,0x00000000ebc80000,0x00000000ec880000)
  to   space 12800K, 0% used [0x00000000eb000000,0x00000000eb000000,0x00000000ebc80000)
 ParOldGen       total 54272K, used 15720K [0x00000000a0000000, 0x00000000a3500000, 0x00000000e0000000)
  object space 54272K, 28% used [0x00000000a0000000,0x00000000a0f5a0e8,0x00000000a3500000)
 Metaspace       used 34597K, capacity 35430K, committed 35496K, reserved 1079296K
  class space    used 4740K, capacity 4976K, committed 5040K, reserved 1048576K
}
Event: 24.950 GC heap before
{Heap before GC invocations=13 (full 2):
 PSYoungGen      total 192512K, used 180224K [0x00000000e0000000, 0x00000000ec980000, 0x0000000100000000)
  eden space 180224K, 100% used [0x00000000e0000000,0x00000000eb000000,0x00000000eb000000)
  from space 12288K, 0% used [0x00000000ebc80000,0x00000000ebc80000,0x00000000ec880000)
  to   space 12800K, 0% used [0x00000000eb000000,0x00000000eb000000,0x00000000ebc80000)
 ParOldGen       total 54272K, used 15720K [0x00000000a0000000, 0x00000000a3500000, 0x00000000e0000000)
  object space 54272K, 28% used [0x00000000a0000000,0x00000000a0f5a0e8,0x00000000a3500000)
 Metaspace       used 49444K, capacity 50934K, committed 51112K, reserved 1093632K
  class space    used 6611K, capacity 7004K, committed 7088K, reserved 1048576K
Event: 24.994 GC heap after
Heap after GC invocations=13 (full 2):
 PSYoungGen      total 193024K, used 12772K [0x00000000e0000000, 0x00000000efc80000, 0x0000000100000000)
  eden space 180224K, 0% used [0x00000000e0000000,0x00000000e0000000,0x00000000eb000000)
  from space 12800K, 99% used [0x00000000eb000000,0x00000000ebc790e8,0x00000000ebc80000)
  to   space 17920K, 0% used [0x00000000eeb00000,0x00000000eeb00000,0x00000000efc80000)
 ParOldGen       total 54272K, used 24000K [0x00000000a0000000, 0x00000000a3500000, 0x00000000e0000000)
  object space 54272K, 44% used [0x00000000a0000000,0x00000000a1770048,0x00000000a3500000)
 Metaspace       used 49444K, capacity 50934K, committed 51112K, reserved 1093632K
  class space    used 6611K, capacity 7004K, committed 7088K, reserved 1048576K
}
Event: 28.323 GC heap before
{Heap before GC invocations=14 (full 2):
 PSYoungGen      total 193024K, used 101917K [0x00000000e0000000, 0x00000000efc80000, 0x0000000100000000)
  eden space 180224K, 49% used [0x00000000e0000000,0x00000000e570e480,0x00000000eb000000)
  from space 12800K, 99% used [0x00000000eb000000,0x00000000ebc790e8,0x00000000ebc80000)
  to   space 17920K, 0% used [0x00000000eeb00000,0x00000000eeb00000,0x00000000efc80000)
 ParOldGen       total 54272K, used 24000K [0x00000000a0000000, 0x00000000a3500000, 0x00000000e0000000)
  object space 54272K, 44% used [0x00000000a0000000,0x00000000a1770048,0x00000000a3500000)
 Metaspace       used 57114K, capacity 59014K, committed 59160K, reserved 1099776K
  class space    used 7828K, capacity 8278K, committed 8368K, reserved 1048576K
Event: 28.372 GC heap after
Heap after GC invocations=14 (full 2):
 PSYoungGen      total 238592K, used 9896K [0x00000000e0000000, 0x00000000efb80000, 0x0000000100000000)
  eden space 221696K, 0% used [0x00000000e0000000,0x00000000e0000000,0x00000000ed880000)
  from space 16896K, 58% used [0x00000000eeb00000,0x00000000ef4aa240,0x00000000efb80000)
  to   space 17920K, 0% used [0x00000000ed880000,0x00000000ed880000,0x00000000eea00000)
 ParOldGen       total 54272K, used 35024K [0x00000000a0000000, 0x00000000a3500000, 0x00000000e0000000)
  object space 54272K, 64% used [0x00000000a0000000,0x00000000a2234008,0x00000000a3500000)
 Metaspace       used 57114K, capacity 59014K, committed 59160K, reserved 1099776K
  class space    used 7828K, capacity 8278K, committed 8368K, reserved 1048576K
}
Event: 28.372 GC heap before
{Heap before GC invocations=15 (full 3):
 PSYoungGen      total 238592K, used 9896K [0x00000000e0000000, 0x00000000efb80000, 0x0000000100000000)
  eden space 221696K, 0% used [0x00000000e0000000,0x00000000e0000000,0x00000000ed880000)
  from space 16896K, 58% used [0x00000000eeb00000,0x00000000ef4aa240,0x00000000efb80000)
  to   space 17920K, 0% used [0x00000000ed880000,0x00000000ed880000,0x00000000eea00000)
 ParOldGen       total 54272K, used 35024K [0x00000000a0000000, 0x00000000a3500000, 0x00000000e0000000)
  object space 54272K, 64% used [0x00000000a0000000,0x00000000a2234008,0x00000000a3500000)
 Metaspace       used 57114K, capacity 59014K, committed 59160K, reserved 1099776K
  class space    used 7828K, capacity 8278K, committed 8368K, reserved 1048576K
Event: 28.827 GC heap after
Heap after GC invocations=15 (full 3):
 PSYoungGen      total 238592K, used 0K [0x00000000e0000000, 0x00000000efb80000, 0x0000000100000000)
  eden space 221696K, 0% used [0x00000000e0000000,0x00000000e0000000,0x00000000ed880000)
  from space 16896K, 0% used [0x00000000eeb00000,0x00000000eeb00000,0x00000000efb80000)
  to   space 17920K, 0% used [0x00000000ed880000,0x00000000ed880000,0x00000000eea00000)
 ParOldGen       total 90112K, used 33180K [0x00000000a0000000, 0x00000000a5800000, 0x00000000e0000000)
  object space 90112K, 36% used [0x00000000a0000000,0x00000000a2067120,0x00000000a5800000)
 Metaspace       used 57112K, capacity 59008K, committed 59160K, reserved 1099776K
  class space    used 7828K, capacity 8277K, committed 8368K, reserved 1048576K
}
Event: 46.782 GC heap before
{Heap before GC invocations=16 (full 3):
 PSYoungGen      total 238592K, used 221696K [0x00000000e0000000, 0x00000000efb80000, 0x0000000100000000)
  eden space 221696K, 100% used [0x00000000e0000000,0x00000000ed880000,0x00000000ed880000)
  from space 16896K, 0% used [0x00000000eeb00000,0x00000000eeb00000,0x00000000efb80000)
  to   space 17920K, 0% used [0x00000000ed880000,0x00000000ed880000,0x00000000eea00000)
 ParOldGen       total 90112K, used 33180K [0x00000000a0000000, 0x00000000a5800000, 0x00000000e0000000)
  object space 90112K, 36% used [0x00000000a0000000,0x00000000a2067120,0x00000000a5800000)
 Metaspace       used 66441K, capacity 69104K, committed 69288K, reserved 1110016K
  class space    used 9064K, capacity 9601K, committed 9648K, reserved 1048576K
Event: 46.851 GC heap after
Heap after GC invocations=16 (full 3):
 PSYoungGen      total 239616K, used 17763K [0x00000000e0000000, 0x00000000f2900000, 0x0000000100000000)
  eden space 221696K, 0% used [0x00000000e0000000,0x00000000e0000000,0x00000000ed880000)
  from space 17920K, 99% used [0x00000000ed880000,0x00000000ee9d8cc0,0x00000000eea00000)
  to   space 20480K, 0% used [0x00000000f1500000,0x00000000f1500000,0x00000000f2900000)
 ParOldGen       total 90112K, used 33188K [0x00000000a0000000, 0x00000000a5800000, 0x00000000e0000000)
  object space 90112K, 36% used [0x00000000a0000000,0x00000000a2069120,0x00000000a5800000)
 Metaspace       used 66441K, capacity 69104K, committed 69288K, reserved 1110016K
  class space    used 9064K, capacity 9601K, committed 9648K, reserved 1048576K
}

