# JRE version: OpenJDK Runtime Environment (8.0_242-b01) (build 1.8.0_242-release-1644-b01)
# Java VM: OpenJDK 64-Bit Server VM (25.242-b01 mixed mode windows-amd64 compressed oops)
Heap:
 PSYoungGen      total 232448K, used 184844K [0x00000000e0000000, 0x00000000f1c00000, 0x0000000100000000)
  eden space 206848K, 87% used [0x00000000e0000000,0x00000000eb0c8710,0x00000000eca00000)
  from space 25600K, 14% used [0x00000000eca00000,0x00000000ecdbab50,0x00000000ee300000)
  to   space 25088K, 0% used [0x00000000f0380000,0x00000000f0380000,0x00000000f1c00000)
 ParOldGen       total 83968K, used 53987K [0x00000000a0000000, 0x00000000a5200000, 0x00000000e0000000)
  object space 83968K, 64% used [0x00000000a0000000,0x00000000a34b8df0,0x00000000a5200000)
 Metaspace       used 70377K, capacity 73921K, committed 74152K, reserved 1114112K
  class space    used 9631K, capacity 10294K, committed 10416K, reserved 1048576K
GC Heap History (10 events):
Event: 33.785 GC heap before
{Heap before GC invocations=18 (full 3):
 PSYoungGen      total 166400K, used 2727K [0x00000000e0000000, 0x00000000ee380000, 0x0000000100000000)
  eden space 148480K, 0% used [0x00000000e0000000,0x00000000e0000000,0x00000000e9100000)
  from space 17920K, 15% used [0x00000000e9100000,0x00000000e93a9ca8,0x00000000ea280000)
  to   space 17408K, 0% used [0x00000000ed280000,0x00000000ed280000,0x00000000ee380000)
 ParOldGen       total 51712K, used 35807K [0x00000000a0000000, 0x00000000a3280000, 0x00000000e0000000)
  object space 51712K, 69% used [0x00000000a0000000,0x00000000a22f7e10,0x00000000a3280000)
 Metaspace       used 57112K, capacity 59007K, committed 59160K, reserved 1099776K
  class space    used 7833K, capacity 8261K, committed 8368K, reserved 1048576K
Event: 34.721 GC heap after
Heap after GC invocations=18 (full 3):
 PSYoungGen      total 166400K, used 0K [0x00000000e0000000, 0x00000000ee380000, 0x0000000100000000)
  eden space 148480K, 0% used [0x00000000e0000000,0x00000000e0000000,0x00000000e9100000)
  from space 17920K, 0% used [0x00000000e9100000,0x00000000e9100000,0x00000000ea280000)
  to   space 17408K, 0% used [0x00000000ed280000,0x00000000ed280000,0x00000000ee380000)
 ParOldGen       total 83968K, used 28981K [0x00000000a0000000, 0x00000000a5200000, 0x00000000e0000000)
  object space 83968K, 34% used [0x00000000a0000000,0x00000000a1c4d5f0,0x00000000a5200000)
 Metaspace       used 57099K, capacity 58965K, committed 59160K, reserved 1099776K
  class space    used 7829K, capacity 8254K, committed 8368K, reserved 1048576K
}
Event: 46.106 GC heap before
{Heap before GC invocations=19 (full 3):
 PSYoungGen      total 166400K, used 148480K [0x00000000e0000000, 0x00000000ee380000, 0x0000000100000000)
  eden space 148480K, 100% used [0x00000000e0000000,0x00000000e9100000,0x00000000e9100000)
  from space 17920K, 0% used [0x00000000e9100000,0x00000000e9100000,0x00000000ea280000)
  to   space 17408K, 0% used [0x00000000ed280000,0x00000000ed280000,0x00000000ee380000)
 ParOldGen       total 83968K, used 28981K [0x00000000a0000000, 0x00000000a5200000, 0x00000000e0000000)
  object space 83968K, 34% used [0x00000000a0000000,0x00000000a1c4d5f0,0x00000000a5200000)
 Metaspace       used 62306K, capacity 65129K, committed 65320K, reserved 1105920K
  class space    used 8606K, capacity 9176K, committed 9264K, reserved 1048576K
Event: 46.175 GC heap after
Heap after GC invocations=19 (full 3):
 PSYoungGen      total 197120K, used 17213K [0x00000000e0000000, 0x00000000ee380000, 0x0000000100000000)
  eden space 179712K, 0% used [0x00000000e0000000,0x00000000e0000000,0x00000000eaf80000)
  from space 17408K, 98% used [0x00000000ed280000,0x00000000ee34f770,0x00000000ee380000)
  to   space 20480K, 0% used [0x00000000ebb80000,0x00000000ebb80000,0x00000000ecf80000)
 ParOldGen       total 83968K, used 28989K [0x00000000a0000000, 0x00000000a5200000, 0x00000000e0000000)
  object space 83968K, 34% used [0x00000000a0000000,0x00000000a1c4f5f0,0x00000000a5200000)
 Metaspace       used 62306K, capacity 65129K, committed 65320K, reserved 1105920K
  class space    used 8606K, capacity 9176K, committed 9264K, reserved 1048576K
}
Event: 51.463 GC heap before
{Heap before GC invocations=20 (full 3):
 PSYoungGen      total 197120K, used 196925K [0x00000000e0000000, 0x00000000ee380000, 0x0000000100000000)
  eden space 179712K, 100% used [0x00000000e0000000,0x00000000eaf80000,0x00000000eaf80000)
  from space 17408K, 98% used [0x00000000ed280000,0x00000000ee34f770,0x00000000ee380000)
  to   space 20480K, 0% used [0x00000000ebb80000,0x00000000ebb80000,0x00000000ecf80000)
 ParOldGen       total 83968K, used 28989K [0x00000000a0000000, 0x00000000a5200000, 0x00000000e0000000)
  object space 83968K, 34% used [0x00000000a0000000,0x00000000a1c4f5f0,0x00000000a5200000)
 Metaspace       used 68790K, capacity 71981K, committed 72104K, reserved 1112064K
  class space    used 9468K, capacity 10102K, committed 10160K, reserved 1048576K
Event: 51.576 GC heap after
Heap after GC invocations=20 (full 3):
 PSYoungGen      total 212480K, used 20452K [0x00000000e0000000, 0x00000000efc80000, 0x0000000100000000)
  eden space 192000K, 0% used [0x00000000e0000000,0x00000000e0000000,0x00000000ebb80000)
  from space 20480K, 99% used [0x00000000ebb80000,0x00000000ecf79228,0x00000000ecf80000)
  to   space 26112K, 0% used [0x00000000ee300000,0x00000000ee300000,0x00000000efc80000)
 ParOldGen       total 83968K, used 35341K [0x00000000a0000000, 0x00000000a5200000, 0x00000000e0000000)
  object space 83968K, 42% used [0x00000000a0000000,0x00000000a2283548,0x00000000a5200000)
 Metaspace       used 68790K, capacity 71981K, committed 72104K, reserved 1112064K
  class space    used 9468K, capacity 10102K, committed 10160K, reserved 1048576K
}
Event: 53.407 GC heap before
{Heap before GC invocations=21 (full 3):
 PSYoungGen      total 212480K, used 212452K [0x00000000e0000000, 0x00000000efc80000, 0x0000000100000000)
  eden space 192000K, 100% used [0x00000000e0000000,0x00000000ebb80000,0x00000000ebb80000)
  from space 20480K, 99% used [0x00000000ebb80000,0x00000000ecf79228,0x00000000ecf80000)
  to   space 26112K, 0% used [0x00000000ee300000,0x00000000ee300000,0x00000000efc80000)
 ParOldGen       total 83968K, used 35341K [0x00000000a0000000, 0x00000000a5200000, 0x00000000e0000000)
  object space 83968K, 42% used [0x00000000a0000000,0x00000000a2283548,0x00000000a5200000)
 Metaspace       used 70114K, capacity 73665K, committed 73768K, reserved 1112064K
  class space    used 9623K, capacity 10286K, committed 10288K, reserved 1048576K
Event: 53.480 GC heap after
Heap after GC invocations=21 (full 3):
 PSYoungGen      total 232960K, used 1904K [0x00000000e0000000, 0x00000000f0e80000, 0x0000000100000000)
  eden space 206848K, 0% used [0x00000000e0000000,0x00000000e0000000,0x00000000eca00000)
  from space 26112K, 7% used [0x00000000ee300000,0x00000000ee4dc050,0x00000000efc80000)
  to   space 25600K, 0% used [0x00000000eca00000,0x00000000eca00000,0x00000000ee300000)
 ParOldGen       total 83968K, used 53979K [0x00000000a0000000, 0x00000000a5200000, 0x00000000e0000000)
  object space 83968K, 64% used [0x00000000a0000000,0x00000000a34b6df0,0x00000000a5200000)
 Metaspace       used 70114K, capacity 73665K, committed 73768K, reserved 1112064K
  class space    used 9623K, capacity 10286K, committed 10288K, reserved 1048576K
}
Event: 55.104 GC heap before
{Heap before GC invocations=22 (full 3):
 PSYoungGen      total 232960K, used 208752K [0x00000000e0000000, 0x00000000f0e80000, 0x0000000100000000)
  eden space 206848K, 100% used [0x00000000e0000000,0x00000000eca00000,0x00000000eca00000)
  from space 26112K, 7% used [0x00000000ee300000,0x00000000ee4dc050,0x00000000efc80000)
  to   space 25600K, 0% used [0x00000000eca00000,0x00000000eca00000,0x00000000ee300000)
 ParOldGen       total 83968K, used 53979K [0x00000000a0000000, 0x00000000a5200000, 0x00000000e0000000)
  object space 83968K, 64% used [0x00000000a0000000,0x00000000a34b6df0,0x00000000a5200000)
 Metaspace       used 70271K, capacity 73763K, committed 73896K, reserved 1112064K
  class space    used 9628K, capacity 10289K, committed 10416K, reserved 1048576K
Event: 55.124 GC heap after
Heap after GC invocations=22 (full 3):
 PSYoungGen      total 232448K, used 3818K [0x00000000e0000000, 0x00000000f1c00000, 0x0000000100000000)
  eden space 206848K, 0% used [0x00000000e0000000,0x00000000e0000000,0x00000000eca00000)
  from space 25600K, 14% used [0x00000000eca00000,0x00000000ecdbab50,0x00000000ee300000)
  to   space 25088K, 0% used [0x00000000f0380000,0x00000000f0380000,0x00000000f1c00000)
 ParOldGen       total 83968K, used 53987K [0x00000000a0000000, 0x00000000a5200000, 0x00000000e0000000)
  object space 83968K, 64% used [0x00000000a0000000,0x00000000a34b8df0,0x00000000a5200000)
 Metaspace       used 70271K, capacity 73763K, committed 73896K, reserved 1112064K
  class space    used 9628K, capacity 10289K, committed 10416K, reserved 1048576K
}

