# JRE version: OpenJDK Runtime Environment (8.0_242-b01) (build 1.8.0_242-release-1644-b01)
# Java VM: OpenJDK 64-Bit Server VM (25.242-b01 mixed mode windows-amd64 compressed oops)
Heap:
 PSYoungGen      total 261120K, used 130925K [0x00000000e0000000, 0x00000000f1300000, 0x0000000100000000)
  eden space 241664K, 52% used [0x00000000e0000000,0x00000000e7b2f8a0,0x00000000eec00000)
  from space 19456K, 24% used [0x00000000f0000000,0x00000000f04abb98,0x00000000f1300000)
  to   space 19968K, 0% used [0x00000000eec00000,0x00000000eec00000,0x00000000eff80000)
 ParOldGen       total 93184K, used 60069K [0x00000000a0000000, 0x00000000a5b00000, 0x00000000e0000000)
  object space 93184K, 64% used [0x00000000a0000000,0x00000000a3aa96d8,0x00000000a5b00000)
 Metaspace       used 73107K, capacity 77170K, committed 77312K, reserved 1116160K
  class space    used 9967K, capacity 10728K, committed 10752K, reserved 1048576K
GC Heap History (10 events):
Event: 55.217 GC heap before
{Heap before GC invocations=25 (full 3):
 PSYoungGen      total 226816K, used 213068K [0x00000000e0000000, 0x00000000ef900000, 0x0000000100000000)
  eden space 202752K, 100% used [0x00000000e0000000,0x00000000ec600000,0x00000000ec600000)
  from space 24064K, 42% used [0x00000000ec600000,0x00000000ed013298,0x00000000edd80000)
  to   space 23040K, 0% used [0x00000000edd80000,0x00000000edd80000,0x00000000ef400000)
 ParOldGen       total 93184K, used 53360K [0x00000000a0000000, 0x00000000a5b00000, 0x00000000e0000000)
  object space 93184K, 57% used [0x00000000a0000000,0x00000000a341c388,0x00000000a5b00000)
 Metaspace       used 70593K, capacity 74314K, committed 74496K, reserved 1114112K
  class space    used 9681K, capacity 10376K, committed 10496K, reserved 1048576K
Event: 55.244 GC heap after
Heap after GC invocations=25 (full 3):
 PSYoungGen      total 225792K, used 10875K [0x00000000e0000000, 0x00000000ef900000, 0x0000000100000000)
  eden space 202752K, 0% used [0x00000000e0000000,0x00000000e0000000,0x00000000ec600000)
  from space 23040K, 47% used [0x00000000edd80000,0x00000000ee81ef00,0x00000000ef400000)
  to   space 24064K, 0% used [0x00000000ec600000,0x00000000ec600000,0x00000000edd80000)
 ParOldGen       total 93184K, used 54056K [0x00000000a0000000, 0x00000000a5b00000, 0x00000000e0000000)
  object space 93184K, 58% used [0x00000000a0000000,0x00000000a34ca398,0x00000000a5b00000)
 Metaspace       used 70593K, capacity 74314K, committed 74496K, reserved 1114112K
  class space    used 9681K, capacity 10376K, committed 10496K, reserved 1048576K
}
Event: 57.066 GC heap before
{Heap before GC invocations=26 (full 3):
 PSYoungGen      total 225792K, used 213627K [0x00000000e0000000, 0x00000000ef900000, 0x0000000100000000)
  eden space 202752K, 100% used [0x00000000e0000000,0x00000000ec600000,0x00000000ec600000)
  from space 23040K, 47% used [0x00000000edd80000,0x00000000ee81ef00,0x00000000ef400000)
  to   space 24064K, 0% used [0x00000000ec600000,0x00000000ec600000,0x00000000edd80000)
 ParOldGen       total 93184K, used 54056K [0x00000000a0000000, 0x00000000a5b00000, 0x00000000e0000000)
  object space 93184K, 58% used [0x00000000a0000000,0x00000000a34ca398,0x00000000a5b00000)
 Metaspace       used 70626K, capacity 74324K, committed 74496K, reserved 1114112K
  class space    used 9682K, capacity 10377K, committed 10496K, reserved 1048576K
Event: 57.101 GC heap after
Heap after GC invocations=26 (full 3):
 PSYoungGen      total 226816K, used 7053K [0x00000000e0000000, 0x00000000f1480000, 0x0000000100000000)
  eden space 202752K, 0% used [0x00000000e0000000,0x00000000e0000000,0x00000000ec600000)
  from space 24064K, 29% used [0x00000000ec600000,0x00000000ecce34b8,0x00000000edd80000)
  to   space 20992K, 0% used [0x00000000f0000000,0x00000000f0000000,0x00000000f1480000)
 ParOldGen       total 93184K, used 58497K [0x00000000a0000000, 0x00000000a5b00000, 0x00000000e0000000)
  object space 93184K, 62% used [0x00000000a0000000,0x00000000a3920478,0x00000000a5b00000)
 Metaspace       used 70626K, capacity 74324K, committed 74496K, reserved 1114112K
  class space    used 9682K, capacity 10377K, committed 10496K, reserved 1048576K
}
Event: 58.682 GC heap before
{Heap before GC invocations=27 (full 3):
 PSYoungGen      total 226816K, used 209805K [0x00000000e0000000, 0x00000000f1480000, 0x0000000100000000)
  eden space 202752K, 100% used [0x00000000e0000000,0x00000000ec600000,0x00000000ec600000)
  from space 24064K, 29% used [0x00000000ec600000,0x00000000ecce34b8,0x00000000edd80000)
  to   space 20992K, 0% used [0x00000000f0000000,0x00000000f0000000,0x00000000f1480000)
 ParOldGen       total 93184K, used 58497K [0x00000000a0000000, 0x00000000a5b00000, 0x00000000e0000000)
  object space 93184K, 62% used [0x00000000a0000000,0x00000000a3920478,0x00000000a5b00000)
 Metaspace       used 70641K, capacity 74324K, committed 74496K, reserved 1114112K
  class space    used 9682K, capacity 10377K, committed 10496K, reserved 1048576K
Event: 58.722 GC heap after
Heap after GC invocations=27 (full 3):
 PSYoungGen      total 261120K, used 9664K [0x00000000e0000000, 0x00000000f1300000, 0x0000000100000000)
  eden space 241664K, 0% used [0x00000000e0000000,0x00000000e0000000,0x00000000eec00000)
  from space 19456K, 49% used [0x00000000f0000000,0x00000000f0970060,0x00000000f1300000)
  to   space 19968K, 0% used [0x00000000eec00000,0x00000000eec00000,0x00000000eff80000)
 ParOldGen       total 93184K, used 58505K [0x00000000a0000000, 0x00000000a5b00000, 0x00000000e0000000)
  object space 93184K, 62% used [0x00000000a0000000,0x00000000a3922478,0x00000000a5b00000)
 Metaspace       used 70641K, capacity 74324K, committed 74496K, reserved 1114112K
  class space    used 9682K, capacity 10377K, committed 10496K, reserved 1048576K
}
Event: 61.511 GC heap before
{Heap before GC invocations=28 (full 3):
 PSYoungGen      total 261120K, used 251328K [0x00000000e0000000, 0x00000000f1300000, 0x0000000100000000)
  eden space 241664K, 100% used [0x00000000e0000000,0x00000000eec00000,0x00000000eec00000)
  from space 19456K, 49% used [0x00000000f0000000,0x00000000f0970060,0x00000000f1300000)
  to   space 19968K, 0% used [0x00000000eec00000,0x00000000eec00000,0x00000000eff80000)
 ParOldGen       total 93184K, used 58505K [0x00000000a0000000, 0x00000000a5b00000, 0x00000000e0000000)
  object space 93184K, 62% used [0x00000000a0000000,0x00000000a3922478,0x00000000a5b00000)
 Metaspace       used 70920K, capacity 74676K, committed 75008K, reserved 1114112K
  class space    used 9689K, capacity 10415K, committed 10496K, reserved 1048576K
Event: 61.535 GC heap after
Heap after GC invocations=28 (full 3):
 PSYoungGen      total 261632K, used 5336K [0x00000000e0000000, 0x00000000f1300000, 0x0000000100000000)
  eden space 241664K, 0% used [0x00000000e0000000,0x00000000e0000000,0x00000000eec00000)
  from space 19968K, 26% used [0x00000000eec00000,0x00000000ef1363b0,0x00000000eff80000)
  to   space 19456K, 0% used [0x00000000f0000000,0x00000000f0000000,0x00000000f1300000)
 ParOldGen       total 93184K, used 60069K [0x00000000a0000000, 0x00000000a5b00000, 0x00000000e0000000)
  object space 93184K, 64% used [0x00000000a0000000,0x00000000a3aa96d8,0x00000000a5b00000)
 Metaspace       used 70920K, capacity 74676K, committed 75008K, reserved 1114112K
  class space    used 9689K, capacity 10415K, committed 10496K, reserved 1048576K
}
Event: 63.972 GC heap before
{Heap before GC invocations=29 (full 3):
 PSYoungGen      total 261632K, used 247000K [0x00000000e0000000, 0x00000000f1300000, 0x0000000100000000)
  eden space 241664K, 100% used [0x00000000e0000000,0x00000000eec00000,0x00000000eec00000)
  from space 19968K, 26% used [0x00000000eec00000,0x00000000ef1363b0,0x00000000eff80000)
  to   space 19456K, 0% used [0x00000000f0000000,0x00000000f0000000,0x00000000f1300000)
 ParOldGen       total 93184K, used 60069K [0x00000000a0000000, 0x00000000a5b00000, 0x00000000e0000000)
  object space 93184K, 64% used [0x00000000a0000000,0x00000000a3aa96d8,0x00000000a5b00000)
 Metaspace       used 71050K, capacity 74900K, committed 75008K, reserved 1114112K
  class space    used 9711K, capacity 10419K, committed 10496K, reserved 1048576K
Event: 63.996 GC heap after
Heap after GC invocations=29 (full 3):
 PSYoungGen      total 261120K, used 4782K [0x00000000e0000000, 0x00000000f1300000, 0x0000000100000000)
  eden space 241664K, 0% used [0x00000000e0000000,0x00000000e0000000,0x00000000eec00000)
  from space 19456K, 24% used [0x00000000f0000000,0x00000000f04abb98,0x00000000f1300000)
  to   space 19968K, 0% used [0x00000000eec00000,0x00000000eec00000,0x00000000eff80000)
 ParOldGen       total 93184K, used 60069K [0x00000000a0000000, 0x00000000a5b00000, 0x00000000e0000000)
  object space 93184K, 64% used [0x00000000a0000000,0x00000000a3aa96d8,0x00000000a5b00000)
 Metaspace       used 71050K, capacity 74900K, committed 75008K, reserved 1114112K
  class space    used 9711K, capacity 10419K, committed 10496K, reserved 1048576K
}

