# JRE version: Java(TM) SE Runtime Environment (11.0.6+8) (build 11.0.6+8-LTS)
# Java VM: Java HotSpot(TM) 64-Bit Server VM (11.0.6+8-LTS, mixed mode, tiered, compressed oops, g1 gc, windows-amd64)
Heap:
 garbage-first heap   total 95232K, used 70296K [0x00000000a0000000, 0x0000000100000000)
  region size 1024K, 11 young (11264K), 2 survivors (2048K)
 Metaspace       used 67643K, capacity 69304K, committed 69552K, reserved 1110016K
  class space    used 8582K, capacity 9119K, committed 9216K, reserved 1048576K
GC Heap History (10 events):
Event: 230.500 GC heap before
{Heap before GC invocations=65 (full 0):
 garbage-first heap   total 78848K, used 65497K [0x00000000a0000000, 0x0000000100000000)
  region size 1024K, 10 young (10240K), 2 survivors (2048K)
 Metaspace       used 60447K, capacity 61835K, committed 62000K, reserved 1103872K
  class space    used 7621K, capacity 8052K, committed 8064K, reserved 1048576K
}
Event: 230.506 GC heap after
{Heap after GC invocations=66 (full 0):
 garbage-first heap   total 95232K, used 57946K [0x00000000a0000000, 0x0000000100000000)
  region size 1024K, 1 young (1024K), 1 survivors (1024K)
 Metaspace       used 60447K, capacity 61835K, committed 62000K, reserved 1103872K
  class space    used 7621K, capacity 8052K, committed 8064K, reserved 1048576K
}
Event: 231.441 GC heap before
{Heap before GC invocations=67 (full 0):
 garbage-first heap   total 95232K, used 68186K [0x00000000a0000000, 0x0000000100000000)
  region size 1024K, 12 young (12288K), 1 survivors (1024K)
 Metaspace       used 61535K, capacity 62883K, committed 62896K, reserved 1103872K
  class space    used 7764K, capacity 8184K, committed 8192K, reserved 1048576K
}
Event: 231.446 GC heap after
{Heap after GC invocations=68 (full 0):
 garbage-first heap   total 95232K, used 58682K [0x00000000a0000000, 0x0000000100000000)
  region size 1024K, 2 young (2048K), 2 survivors (2048K)
 Metaspace       used 61535K, capacity 62883K, committed 62896K, reserved 1103872K
  class space    used 7764K, capacity 8184K, committed 8192K, reserved 1048576K
}
Event: 233.423 GC heap before
{Heap before GC invocations=69 (full 0):
 garbage-first heap   total 95232K, used 73018K [0x00000000a0000000, 0x0000000100000000)
  region size 1024K, 15 young (15360K), 2 survivors (2048K)
 Metaspace       used 64302K, capacity 65683K, committed 65840K, reserved 1105920K
  class space    used 8049K, capacity 8501K, committed 8576K, reserved 1048576K
}
Event: 233.430 GC heap after
{Heap after GC invocations=70 (full 0):
 garbage-first heap   total 95232K, used 59652K [0x00000000a0000000, 0x0000000100000000)
  region size 1024K, 2 young (2048K), 2 survivors (2048K)
 Metaspace       used 64302K, capacity 65683K, committed 65840K, reserved 1105920K
  class space    used 8049K, capacity 8501K, committed 8576K, reserved 1048576K
}
Event: 234.238 GC heap before
{Heap before GC invocations=70 (full 0):
 garbage-first heap   total 95232K, used 73988K [0x00000000a0000000, 0x0000000100000000)
  region size 1024K, 16 young (16384K), 2 survivors (2048K)
 Metaspace       used 64906K, capacity 66452K, committed 66736K, reserved 1107968K
  class space    used 8142K, capacity 8610K, committed 8704K, reserved 1048576K
}
Event: 234.245 GC heap after
{Heap after GC invocations=71 (full 0):
 garbage-first heap   total 95232K, used 60811K [0x00000000a0000000, 0x0000000100000000)
  region size 1024K, 2 young (2048K), 2 survivors (2048K)
 Metaspace       used 64906K, capacity 66452K, committed 66736K, reserved 1107968K
  class space    used 8142K, capacity 8610K, committed 8704K, reserved 1048576K
}
Event: 235.027 GC heap before
{Heap before GC invocations=72 (full 0):
 garbage-first heap   total 95232K, used 75147K [0x00000000a0000000, 0x0000000100000000)
  region size 1024K, 16 young (16384K), 2 survivors (2048K)
 Metaspace       used 66194K, capacity 67743K, committed 67888K, reserved 1107968K
  class space    used 8330K, capacity 8828K, committed 8832K, reserved 1048576K
}
Event: 235.035 GC heap after
{Heap after GC invocations=73 (full 0):
 garbage-first heap   total 95232K, used 62104K [0x00000000a0000000, 0x0000000100000000)
  region size 1024K, 2 young (2048K), 2 survivors (2048K)
 Metaspace       used 66194K, capacity 67743K, committed 67888K, reserved 1107968K
  class space    used 8330K, capacity 8828K, committed 8832K, reserved 1048576K
}

