# JRE version: OpenJDK Runtime Environment (8.0_242-b01) (build 1.8.0_242-release-1644-b01)
# Java VM: OpenJDK 64-Bit Server VM (25.242-b01 mixed mode windows-amd64 compressed oops)
Heap:
 PSYoungGen      total 217600K, used 81874K [0x00000000e0000000, 0x00000000f2500000, 0x0000000100000000)
  eden space 203776K, 33% used [0x00000000e0000000,0x00000000e4278aa0,0x00000000ec700000)
  from space 13824K, 99% used [0x00000000ec700000,0x00000000ed47c120,0x00000000ed480000)
  to   space 19968K, 0% used [0x00000000f1180000,0x00000000f1180000,0x00000000f2500000)
 ParOldGen       total 57344K, used 25291K [0x00000000a0000000, 0x00000000a3800000, 0x00000000e0000000)
  object space 57344K, 44% used [0x00000000a0000000,0x00000000a18b2f10,0x00000000a3800000)
 Metaspace       used 56892K, capacity 58852K, committed 58920K, reserved 1099776K
  class space    used 7799K, capacity 8239K, committed 8240K, reserved 1048576K
GC Heap History (10 events):
Event: 10.296 GC heap before
{Heap before GC invocations=7 (full 1):
 PSYoungGen      total 140800K, used 6866K [0x00000000e0000000, 0x00000000e9300000, 0x0000000100000000)
  eden space 131072K, 0% used [0x00000000e0000000,0x00000000e0000000,0x00000000e8000000)
  from space 9728K, 70% used [0x00000000e8980000,0x00000000e9034b48,0x00000000e9300000)
  to   space 9728K, 0% used [0x00000000e8000000,0x00000000e8000000,0x00000000e8980000)
 ParOldGen       total 44032K, used 11461K [0x00000000a0000000, 0x00000000a2b00000, 0x00000000e0000000)
  object space 44032K, 26% used [0x00000000a0000000,0x00000000a0b31738,0x00000000a2b00000)
 Metaspace       used 20689K, capacity 21268K, committed 21296K, reserved 1067008K
  class space    used 2896K, capacity 3120K, committed 3120K, reserved 1048576K
Event: 10.399 GC heap after
Heap after GC invocations=7 (full 1):
 PSYoungGen      total 140800K, used 0K [0x00000000e0000000, 0x00000000e9300000, 0x0000000100000000)
  eden space 131072K, 0% used [0x00000000e0000000,0x00000000e0000000,0x00000000e8000000)
  from space 9728K, 0% used [0x00000000e8980000,0x00000000e8980000,0x00000000e9300000)
  to   space 9728K, 0% used [0x00000000e8000000,0x00000000e8000000,0x00000000e8980000)
 ParOldGen       total 39936K, used 9877K [0x00000000a0000000, 0x00000000a2700000, 0x00000000e0000000)
  object space 39936K, 24% used [0x00000000a0000000,0x00000000a09a5500,0x00000000a2700000)
 Metaspace       used 20689K, capacity 21268K, committed 21296K, reserved 1067008K
  class space    used 2896K, capacity 3120K, committed 3120K, reserved 1048576K
}
Event: 17.131 GC heap before
{Heap before GC invocations=8 (full 1):
 PSYoungGen      total 140800K, used 131072K [0x00000000e0000000, 0x00000000e9300000, 0x0000000100000000)
  eden space 131072K, 100% used [0x00000000e0000000,0x00000000e8000000,0x00000000e8000000)
  from space 9728K, 0% used [0x00000000e8980000,0x00000000e8980000,0x00000000e9300000)
  to   space 9728K, 0% used [0x00000000e8000000,0x00000000e8000000,0x00000000e8980000)
 ParOldGen       total 39936K, used 9877K [0x00000000a0000000, 0x00000000a2700000, 0x00000000e0000000)
  object space 39936K, 24% used [0x00000000a0000000,0x00000000a09a5500,0x00000000a2700000)
 Metaspace       used 32460K, capacity 33260K, committed 33456K, reserved 1077248K
  class space    used 4439K, capacity 4677K, committed 4784K, reserved 1048576K
Event: 17.197 GC heap after
Heap after GC invocations=8 (full 1):
 PSYoungGen      total 140800K, used 9707K [0x00000000e0000000, 0x00000000ee180000, 0x0000000100000000)
  eden space 131072K, 0% used [0x00000000e0000000,0x00000000e0000000,0x00000000e8000000)
  from space 9728K, 99% used [0x00000000e8000000,0x00000000e897aee0,0x00000000e8980000)
  to   space 13312K, 0% used [0x00000000ed480000,0x00000000ed480000,0x00000000ee180000)
 ParOldGen       total 39936K, used 13507K [0x00000000a0000000, 0x00000000a2700000, 0x00000000e0000000)
  object space 39936K, 33% used [0x00000000a0000000,0x00000000a0d30cd0,0x00000000a2700000)
 Metaspace       used 32460K, capacity 33260K, committed 33456K, reserved 1077248K
  class space    used 4439K, capacity 4677K, committed 4784K, reserved 1048576K
}
Event: 18.624 GC heap before
{Heap before GC invocations=9 (full 1):
 PSYoungGen      total 140800K, used 57963K [0x00000000e0000000, 0x00000000ee180000, 0x0000000100000000)
  eden space 131072K, 36% used [0x00000000e0000000,0x00000000e2f20118,0x00000000e8000000)
  from space 9728K, 99% used [0x00000000e8000000,0x00000000e897aee0,0x00000000e8980000)
  to   space 13312K, 0% used [0x00000000ed480000,0x00000000ed480000,0x00000000ee180000)
 ParOldGen       total 39936K, used 13507K [0x00000000a0000000, 0x00000000a2700000, 0x00000000e0000000)
  object space 39936K, 33% used [0x00000000a0000000,0x00000000a0d30cd0,0x00000000a2700000)
 Metaspace       used 34555K, capacity 35410K, committed 35496K, reserved 1079296K
  class space    used 4742K, capacity 4974K, committed 5040K, reserved 1048576K
Event: 18.653 GC heap after
Heap after GC invocations=9 (full 1):
 PSYoungGen      total 217088K, used 8485K [0x00000000e0000000, 0x00000000ee700000, 0x0000000100000000)
  eden space 203776K, 0% used [0x00000000e0000000,0x00000000e0000000,0x00000000ec700000)
  from space 13312K, 63% used [0x00000000ed480000,0x00000000edcc9470,0x00000000ee180000)
  to   space 13824K, 0% used [0x00000000ec700000,0x00000000ec700000,0x00000000ed480000)
 ParOldGen       total 39936K, used 13515K [0x00000000a0000000, 0x00000000a2700000, 0x00000000e0000000)
  object space 39936K, 33% used [0x00000000a0000000,0x00000000a0d32cd0,0x00000000a2700000)
 Metaspace       used 34555K, capacity 35410K, committed 35496K, reserved 1079296K
  class space    used 4742K, capacity 4974K, committed 5040K, reserved 1048576K
}
Event: 18.654 GC heap before
{Heap before GC invocations=10 (full 2):
 PSYoungGen      total 217088K, used 8485K [0x00000000e0000000, 0x00000000ee700000, 0x0000000100000000)
  eden space 203776K, 0% used [0x00000000e0000000,0x00000000e0000000,0x00000000ec700000)
  from space 13312K, 63% used [0x00000000ed480000,0x00000000edcc9470,0x00000000ee180000)
  to   space 13824K, 0% used [0x00000000ec700000,0x00000000ec700000,0x00000000ed480000)
 ParOldGen       total 39936K, used 13515K [0x00000000a0000000, 0x00000000a2700000, 0x00000000e0000000)
  object space 39936K, 33% used [0x00000000a0000000,0x00000000a0d32cd0,0x00000000a2700000)
 Metaspace       used 34555K, capacity 35410K, committed 35496K, reserved 1079296K
  class space    used 4742K, capacity 4974K, committed 5040K, reserved 1048576K
Event: 18.806 GC heap after
Heap after GC invocations=10 (full 2):
 PSYoungGen      total 217088K, used 0K [0x00000000e0000000, 0x00000000ee700000, 0x0000000100000000)
  eden space 203776K, 0% used [0x00000000e0000000,0x00000000e0000000,0x00000000ec700000)
  from space 13312K, 0% used [0x00000000ed480000,0x00000000ed480000,0x00000000ee180000)
  to   space 13824K, 0% used [0x00000000ec700000,0x00000000ec700000,0x00000000ed480000)
 ParOldGen       total 57344K, used 15175K [0x00000000a0000000, 0x00000000a3800000, 0x00000000e0000000)
  object space 57344K, 26% used [0x00000000a0000000,0x00000000a0ed1c70,0x00000000a3800000)
 Metaspace       used 34555K, capacity 35410K, committed 35496K, reserved 1079296K
  class space    used 4742K, capacity 4974K, committed 5040K, reserved 1048576K
}
Event: 28.907 GC heap before
{Heap before GC invocations=11 (full 2):
 PSYoungGen      total 217088K, used 203776K [0x00000000e0000000, 0x00000000ee700000, 0x0000000100000000)
  eden space 203776K, 100% used [0x00000000e0000000,0x00000000ec700000,0x00000000ec700000)
  from space 13312K, 0% used [0x00000000ed480000,0x00000000ed480000,0x00000000ee180000)
  to   space 13824K, 0% used [0x00000000ec700000,0x00000000ec700000,0x00000000ed480000)
 ParOldGen       total 57344K, used 15175K [0x00000000a0000000, 0x00000000a3800000, 0x00000000e0000000)
  object space 57344K, 26% used [0x00000000a0000000,0x00000000a0ed1c70,0x00000000a3800000)
 Metaspace       used 51565K, capacity 53384K, committed 53544K, reserved 1095680K
  class space    used 6951K, capacity 7365K, committed 7472K, reserved 1048576K
Event: 28.956 GC heap after
Heap after GC invocations=11 (full 2):
 PSYoungGen      total 217600K, used 13808K [0x00000000e0000000, 0x00000000f2500000, 0x0000000100000000)
  eden space 203776K, 0% used [0x00000000e0000000,0x00000000e0000000,0x00000000ec700000)
  from space 13824K, 99% used [0x00000000ec700000,0x00000000ed47c120,0x00000000ed480000)
  to   space 19968K, 0% used [0x00000000f1180000,0x00000000f1180000,0x00000000f2500000)
 ParOldGen       total 57344K, used 25291K [0x00000000a0000000, 0x00000000a3800000, 0x00000000e0000000)
  object space 57344K, 44% used [0x00000000a0000000,0x00000000a18b2f10,0x00000000a3800000)
 Metaspace       used 51565K, capacity 53384K, committed 53544K, reserved 1095680K
  class space    used 6951K, capacity 7365K, committed 7472K, reserved 1048576K
}

