# JRE version: OpenJDK Runtime Environment (8.0_242-b01) (build 1.8.0_242-release-1644-b01)
# Java VM: OpenJDK 64-Bit Server VM (25.242-b01 mixed mode windows-amd64 compressed oops)
Heap:
 PSYoungGen      total 244736K, used 82220K [0x00000000e0000000, 0x00000000f0700000, 0x0000000100000000)
  eden space 222208K, 26% used [0x00000000e0000000,0x00000000e3a4f720,0x00000000ed900000)
  from space 22528K, 99% used [0x00000000ed900000,0x00000000eeefbba0,0x00000000eef00000)
  to   space 19456K, 0% used [0x00000000eef00000,0x00000000eef00000,0x00000000f0200000)
 ParOldGen       total 102400K, used 39962K [0x00000000a0000000, 0x00000000a6400000, 0x00000000e0000000)
  object space 102400K, 39% used [0x00000000a0000000,0x00000000a2706970,0x00000000a6400000)
 Metaspace       used 68607K, capacity 71824K, committed 72104K, reserved 1112064K
  class space    used 9486K, capacity 10085K, committed 10160K, reserved 1048576K
GC Heap History (10 events):
Event: 18.710 GC heap before
{Heap before GC invocations=10 (full 2):
 PSYoungGen      total 200192K, used 9425K [0x00000000e0000000, 0x00000000ed700000, 0x0000000100000000)
  eden space 186880K, 0% used [0x00000000e0000000,0x00000000e0000000,0x00000000eb680000)
  from space 13312K, 70% used [0x00000000ec400000,0x00000000ecd34790,0x00000000ed100000)
  to   space 13824K, 0% used [0x00000000eb680000,0x00000000eb680000,0x00000000ec400000)
 ParOldGen       total 43520K, used 14636K [0x00000000a0000000, 0x00000000a2a80000, 0x00000000e0000000)
  object space 43520K, 33% used [0x00000000a0000000,0x00000000a0e4b128,0x00000000a2a80000)
 Metaspace       used 34515K, capacity 35386K, committed 35496K, reserved 1079296K
  class space    used 4715K, capacity 4932K, committed 5040K, reserved 1048576K
Event: 18.987 GC heap after
Heap after GC invocations=10 (full 2):
 PSYoungGen      total 200192K, used 0K [0x00000000e0000000, 0x00000000ed700000, 0x0000000100000000)
  eden space 186880K, 0% used [0x00000000e0000000,0x00000000e0000000,0x00000000eb680000)
  from space 13312K, 0% used [0x00000000ec400000,0x00000000ec400000,0x00000000ed100000)
  to   space 13824K, 0% used [0x00000000eb680000,0x00000000eb680000,0x00000000ec400000)
 ParOldGen       total 65024K, used 15759K [0x00000000a0000000, 0x00000000a3f80000, 0x00000000e0000000)
  object space 65024K, 24% used [0x00000000a0000000,0x00000000a0f63c38,0x00000000a3f80000)
 Metaspace       used 34515K, capacity 35386K, committed 35496K, reserved 1079296K
  class space    used 4715K, capacity 4932K, committed 5040K, reserved 1048576K
}
Event: 24.698 GC heap before
{Heap before GC invocations=11 (full 2):
 PSYoungGen      total 200192K, used 186880K [0x00000000e0000000, 0x00000000ed700000, 0x0000000100000000)
  eden space 186880K, 100% used [0x00000000e0000000,0x00000000eb680000,0x00000000eb680000)
  from space 13312K, 0% used [0x00000000ec400000,0x00000000ec400000,0x00000000ed100000)
  to   space 13824K, 0% used [0x00000000eb680000,0x00000000eb680000,0x00000000ec400000)
 ParOldGen       total 65024K, used 15759K [0x00000000a0000000, 0x00000000a3f80000, 0x00000000e0000000)
  object space 65024K, 24% used [0x00000000a0000000,0x00000000a0f63c38,0x00000000a3f80000)
 Metaspace       used 50028K, capacity 51618K, committed 51880K, reserved 1093632K
  class space    used 6706K, capacity 7064K, committed 7088K, reserved 1048576K
Event: 24.768 GC heap after
Heap after GC invocations=11 (full 2):
 PSYoungGen      total 200704K, used 13797K [0x00000000e0000000, 0x00000000f0200000, 0x0000000100000000)
  eden space 186880K, 0% used [0x00000000e0000000,0x00000000e0000000,0x00000000eb680000)
  from space 13824K, 99% used [0x00000000eb680000,0x00000000ec3f9498,0x00000000ec400000)
  to   space 19456K, 0% used [0x00000000eef00000,0x00000000eef00000,0x00000000f0200000)
 ParOldGen       total 65024K, used 23857K [0x00000000a0000000, 0x00000000a3f80000, 0x00000000e0000000)
  object space 65024K, 36% used [0x00000000a0000000,0x00000000a174c5a8,0x00000000a3f80000)
 Metaspace       used 50028K, capacity 51618K, committed 51880K, reserved 1093632K
  class space    used 6706K, capacity 7064K, committed 7088K, reserved 1048576K
}
Event: 27.894 GC heap before
{Heap before GC invocations=12 (full 2):
 PSYoungGen      total 200704K, used 99836K [0x00000000e0000000, 0x00000000f0200000, 0x0000000100000000)
  eden space 186880K, 46% used [0x00000000e0000000,0x00000000e5405ef0,0x00000000eb680000)
  from space 13824K, 99% used [0x00000000eb680000,0x00000000ec3f9498,0x00000000ec400000)
  to   space 19456K, 0% used [0x00000000eef00000,0x00000000eef00000,0x00000000f0200000)
 ParOldGen       total 65024K, used 23857K [0x00000000a0000000, 0x00000000a3f80000, 0x00000000e0000000)
  object space 65024K, 36% used [0x00000000a0000000,0x00000000a174c5a8,0x00000000a3f80000)
 Metaspace       used 57198K, capacity 59026K, committed 59160K, reserved 1099776K
  class space    used 7849K, capacity 8266K, committed 8368K, reserved 1048576K
Event: 27.929 GC heap after
Heap after GC invocations=12 (full 2):
 PSYoungGen      total 241664K, used 19439K [0x00000000e0000000, 0x00000000f0700000, 0x0000000100000000)
  eden space 222208K, 0% used [0x00000000e0000000,0x00000000e0000000,0x00000000ed900000)
  from space 19456K, 99% used [0x00000000eef00000,0x00000000f01fbc38,0x00000000f0200000)
  to   space 22528K, 0% used [0x00000000ed900000,0x00000000ed900000,0x00000000eef00000)
 ParOldGen       total 65024K, used 24958K [0x00000000a0000000, 0x00000000a3f80000, 0x00000000e0000000)
  object space 65024K, 38% used [0x00000000a0000000,0x00000000a185f8b0,0x00000000a3f80000)
 Metaspace       used 57198K, capacity 59026K, committed 59160K, reserved 1099776K
  class space    used 7849K, capacity 8266K, committed 8368K, reserved 1048576K
}
Event: 27.929 GC heap before
{Heap before GC invocations=13 (full 3):
 PSYoungGen      total 241664K, used 19439K [0x00000000e0000000, 0x00000000f0700000, 0x0000000100000000)
  eden space 222208K, 0% used [0x00000000e0000000,0x00000000e0000000,0x00000000ed900000)
  from space 19456K, 99% used [0x00000000eef00000,0x00000000f01fbc38,0x00000000f0200000)
  to   space 22528K, 0% used [0x00000000ed900000,0x00000000ed900000,0x00000000eef00000)
 ParOldGen       total 65024K, used 24958K [0x00000000a0000000, 0x00000000a3f80000, 0x00000000e0000000)
  object space 65024K, 38% used [0x00000000a0000000,0x00000000a185f8b0,0x00000000a3f80000)
 Metaspace       used 57198K, capacity 59026K, committed 59160K, reserved 1099776K
  class space    used 7849K, capacity 8266K, committed 8368K, reserved 1048576K
Event: 28.386 GC heap after
Heap after GC invocations=13 (full 3):
 PSYoungGen      total 241664K, used 0K [0x00000000e0000000, 0x00000000f0700000, 0x0000000100000000)
  eden space 222208K, 0% used [0x00000000e0000000,0x00000000e0000000,0x00000000ed900000)
  from space 19456K, 0% used [0x00000000eef00000,0x00000000eef00000,0x00000000f0200000)
  to   space 22528K, 0% used [0x00000000ed900000,0x00000000ed900000,0x00000000eef00000)
 ParOldGen       total 102400K, used 32904K [0x00000000a0000000, 0x00000000a6400000, 0x00000000e0000000)
  object space 102400K, 32% used [0x00000000a0000000,0x00000000a2022088,0x00000000a6400000)
 Metaspace       used 57186K, capacity 58984K, committed 59160K, reserved 1099776K
  class space    used 7846K, capacity 8259K, committed 8368K, reserved 1048576K
}
Event: 40.317 GC heap before
{Heap before GC invocations=14 (full 3):
 PSYoungGen      total 241664K, used 222208K [0x00000000e0000000, 0x00000000f0700000, 0x0000000100000000)
  eden space 222208K, 100% used [0x00000000e0000000,0x00000000ed900000,0x00000000ed900000)
  from space 19456K, 0% used [0x00000000eef00000,0x00000000eef00000,0x00000000f0200000)
  to   space 22528K, 0% used [0x00000000ed900000,0x00000000ed900000,0x00000000eef00000)
 ParOldGen       total 102400K, used 32904K [0x00000000a0000000, 0x00000000a6400000, 0x00000000e0000000)
  object space 102400K, 32% used [0x00000000a0000000,0x00000000a2022088,0x00000000a6400000)
 Metaspace       used 67355K, capacity 70572K, committed 70696K, reserved 1110016K
  class space    used 9368K, capacity 9967K, committed 10032K, reserved 1048576K
Event: 40.417 GC heap after
Heap after GC invocations=14 (full 3):
 PSYoungGen      total 244736K, used 22510K [0x00000000e0000000, 0x00000000f0700000, 0x0000000100000000)
  eden space 222208K, 0% used [0x00000000e0000000,0x00000000e0000000,0x00000000ed900000)
  from space 22528K, 99% used [0x00000000ed900000,0x00000000eeefbba0,0x00000000eef00000)
  to   space 19456K, 0% used [0x00000000eef00000,0x00000000eef00000,0x00000000f0200000)
 ParOldGen       total 102400K, used 39962K [0x00000000a0000000, 0x00000000a6400000, 0x00000000e0000000)
  object space 102400K, 39% used [0x00000000a0000000,0x00000000a2706970,0x00000000a6400000)
 Metaspace       used 67355K, capacity 70572K, committed 70696K, reserved 1110016K
  class space    used 9368K, capacity 9967K, committed 10032K, reserved 1048576K
}

