# JRE version: OpenJDK Runtime Environment (8.0_212-b04) (build 1.8.0_212-release-1586-b04)
# Java VM: OpenJDK 64-Bit Server VM (25.212-b04 mixed mode windows-amd64 compressed oops)
Heap:
 PSYoungGen      total 299008K, used 70091K [0x00000000e0000000, 0x00000000f6f80000, 0x0000000100000000)
  eden space 269312K, 26% used [0x00000000e0000000,0x00000000e4472f48,0x00000000f0700000)
  from space 29696K, 0% used [0x00000000f0700000,0x00000000f0700000,0x00000000f2400000)
  to   space 34816K, 0% used [0x00000000f4d80000,0x00000000f4d80000,0x00000000f6f80000)
 ParOldGen       total 140800K, used 66030K [0x00000000a0000000, 0x00000000a8980000, 0x00000000e0000000)
  object space 140800K, 46% used [0x00000000a0000000,0x00000000a407bbc8,0x00000000a8980000)
 Metaspace       used 99222K, capacity 103572K, committed 103592K, reserved 1138688K
  class space    used 13031K, capacity 13976K, committed 13992K, reserved 1048576K
GC Heap History (10 events):
Event: 22.046 GC heap before
{Heap before GC invocations=15 (full 3):
 PSYoungGen      total 251904K, used 12626K [0x00000000e0000000, 0x00000000f0900000, 0x0000000100000000)
  eden space 234496K, 0% used [0x00000000e0000000,0x00000000e0000000,0x00000000ee500000)
  from space 17408K, 72% used [0x00000000ef700000,0x00000000f03549b8,0x00000000f0800000)
  to   space 18432K, 0% used [0x00000000ee500000,0x00000000ee500000,0x00000000ef700000)
 ParOldGen       total 51712K, used 32226K [0x00000000a0000000, 0x00000000a3280000, 0x00000000e0000000)
  object space 51712K, 62% used [0x00000000a0000000,0x00000000a1f78890,0x00000000a3280000)
 Metaspace       used 56954K, capacity 59070K, committed 59160K, reserved 1099776K
  class space    used 7821K, capacity 8314K, committed 8360K, reserved 1048576K
Event: 22.531 GC heap after
Heap after GC invocations=15 (full 3):
 PSYoungGen      total 251904K, used 0K [0x00000000e0000000, 0x00000000f0900000, 0x0000000100000000)
  eden space 234496K, 0% used [0x00000000e0000000,0x00000000e0000000,0x00000000ee500000)
  from space 17408K, 0% used [0x00000000ef700000,0x00000000ef700000,0x00000000f0800000)
  to   space 18432K, 0% used [0x00000000ee500000,0x00000000ee500000,0x00000000ef700000)
 ParOldGen       total 86528K, used 35544K [0x00000000a0000000, 0x00000000a5480000, 0x00000000e0000000)
  object space 86528K, 41% used [0x00000000a0000000,0x00000000a22b6130,0x00000000a5480000)
 Metaspace       used 56944K, capacity 59040K, committed 59160K, reserved 1099776K
  class space    used 7818K, capacity 8309K, committed 8360K, reserved 1048576K
}
Event: 97.343 GC heap before
{Heap before GC invocations=16 (full 3):
 PSYoungGen      total 251904K, used 234496K [0x00000000e0000000, 0x00000000f0900000, 0x0000000100000000)
  eden space 234496K, 100% used [0x00000000e0000000,0x00000000ee500000,0x00000000ee500000)
  from space 17408K, 0% used [0x00000000ef700000,0x00000000ef700000,0x00000000f0800000)
  to   space 18432K, 0% used [0x00000000ee500000,0x00000000ee500000,0x00000000ef700000)
 ParOldGen       total 86528K, used 35544K [0x00000000a0000000, 0x00000000a5480000, 0x00000000e0000000)
  object space 86528K, 41% used [0x00000000a0000000,0x00000000a22b6130,0x00000000a5480000)
 Metaspace       used 68356K, capacity 71114K, committed 71208K, reserved 1110016K
  class space    used 9093K, capacity 9710K, committed 9768K, reserved 1048576K
Event: 97.401 GC heap after
Heap after GC invocations=16 (full 3):
 PSYoungGen      total 252928K, used 17360K [0x00000000e0000000, 0x00000000f3800000, 0x0000000100000000)
  eden space 234496K, 0% used [0x00000000e0000000,0x00000000e0000000,0x00000000ee500000)
  from space 18432K, 94% used [0x00000000ee500000,0x00000000ef5f41f8,0x00000000ef700000)
  to   space 20480K, 0% used [0x00000000f2400000,0x00000000f2400000,0x00000000f3800000)
 ParOldGen       total 86528K, used 35560K [0x00000000a0000000, 0x00000000a5480000, 0x00000000e0000000)
  object space 86528K, 41% used [0x00000000a0000000,0x00000000a22ba130,0x00000000a5480000)
 Metaspace       used 68356K, capacity 71114K, committed 71208K, reserved 1110016K
  class space    used 9093K, capacity 9710K, committed 9768K, reserved 1048576K
}
Event: 108.409 GC heap before
{Heap before GC invocations=17 (full 3):
 PSYoungGen      total 252928K, used 251856K [0x00000000e0000000, 0x00000000f3800000, 0x0000000100000000)
  eden space 234496K, 100% used [0x00000000e0000000,0x00000000ee500000,0x00000000ee500000)
  from space 18432K, 94% used [0x00000000ee500000,0x00000000ef5f41f8,0x00000000ef700000)
  to   space 20480K, 0% used [0x00000000f2400000,0x00000000f2400000,0x00000000f3800000)
 ParOldGen       total 86528K, used 35560K [0x00000000a0000000, 0x00000000a5480000, 0x00000000e0000000)
  object space 86528K, 41% used [0x00000000a0000000,0x00000000a22ba130,0x00000000a5480000)
 Metaspace       used 84252K, capacity 87954K, committed 88104K, reserved 1126400K
  class space    used 11208K, capacity 11986K, committed 12072K, reserved 1048576K
Event: 108.516 GC heap after
Heap after GC invocations=17 (full 3):
 PSYoungGen      total 289792K, used 20470K [0x00000000e0000000, 0x00000000f4680000, 0x0000000100000000)
  eden space 269312K, 0% used [0x00000000e0000000,0x00000000e0000000,0x00000000f0700000)
  from space 20480K, 99% used [0x00000000f2400000,0x00000000f37fda18,0x00000000f3800000)
  to   space 29696K, 0% used [0x00000000f0700000,0x00000000f0700000,0x00000000f2400000)
 ParOldGen       total 86528K, used 51769K [0x00000000a0000000, 0x00000000a5480000, 0x00000000e0000000)
  object space 86528K, 59% used [0x00000000a0000000,0x00000000a328e598,0x00000000a5480000)
 Metaspace       used 84252K, capacity 87954K, committed 88104K, reserved 1126400K
  class space    used 11208K, capacity 11986K, committed 12072K, reserved 1048576K
}
Event: 544.181 GC heap before
{Heap before GC invocations=18 (full 3):
 PSYoungGen      total 289792K, used 217273K [0x00000000e0000000, 0x00000000f4680000, 0x0000000100000000)
  eden space 269312K, 73% used [0x00000000e0000000,0x00000000ec030db0,0x00000000f0700000)
  from space 20480K, 99% used [0x00000000f2400000,0x00000000f37fda18,0x00000000f3800000)
  to   space 29696K, 0% used [0x00000000f0700000,0x00000000f0700000,0x00000000f2400000)
 ParOldGen       total 86528K, used 51769K [0x00000000a0000000, 0x00000000a5480000, 0x00000000e0000000)
  object space 86528K, 59% used [0x00000000a0000000,0x00000000a328e598,0x00000000a5480000)
 Metaspace       used 94429K, capacity 98392K, committed 98600K, reserved 1134592K
  class space    used 12245K, capacity 13080K, committed 13096K, reserved 1048576K
Event: 544.308 GC heap after
Heap after GC invocations=18 (full 3):
 PSYoungGen      total 299008K, used 29511K [0x00000000e0000000, 0x00000000f6f80000, 0x0000000100000000)
  eden space 269312K, 0% used [0x00000000e0000000,0x00000000e0000000,0x00000000f0700000)
  from space 29696K, 99% used [0x00000000f0700000,0x00000000f23d1d00,0x00000000f2400000)
  to   space 34816K, 0% used [0x00000000f4d80000,0x00000000f4d80000,0x00000000f6f80000)
 ParOldGen       total 86528K, used 60551K [0x00000000a0000000, 0x00000000a5480000, 0x00000000e0000000)
  object space 86528K, 69% used [0x00000000a0000000,0x00000000a3b21db8,0x00000000a5480000)
 Metaspace       used 94429K, capacity 98392K, committed 98600K, reserved 1134592K
  class space    used 12245K, capacity 13080K, committed 13096K, reserved 1048576K
}
Event: 544.308 GC heap before
{Heap before GC invocations=19 (full 4):
 PSYoungGen      total 299008K, used 29511K [0x00000000e0000000, 0x00000000f6f80000, 0x0000000100000000)
  eden space 269312K, 0% used [0x00000000e0000000,0x00000000e0000000,0x00000000f0700000)
  from space 29696K, 99% used [0x00000000f0700000,0x00000000f23d1d00,0x00000000f2400000)
  to   space 34816K, 0% used [0x00000000f4d80000,0x00000000f4d80000,0x00000000f6f80000)
 ParOldGen       total 86528K, used 60551K [0x00000000a0000000, 0x00000000a5480000, 0x00000000e0000000)
  object space 86528K, 69% used [0x00000000a0000000,0x00000000a3b21db8,0x00000000a5480000)
 Metaspace       used 94429K, capacity 98392K, committed 98600K, reserved 1134592K
  class space    used 12245K, capacity 13080K, committed 13096K, reserved 1048576K
Event: 544.973 GC heap after
Heap after GC invocations=19 (full 4):
 PSYoungGen      total 299008K, used 0K [0x00000000e0000000, 0x00000000f6f80000, 0x0000000100000000)
  eden space 269312K, 0% used [0x00000000e0000000,0x00000000e0000000,0x00000000f0700000)
  from space 29696K, 0% used [0x00000000f0700000,0x00000000f0700000,0x00000000f2400000)
  to   space 34816K, 0% used [0x00000000f4d80000,0x00000000f4d80000,0x00000000f6f80000)
 ParOldGen       total 140800K, used 66030K [0x00000000a0000000, 0x00000000a8980000, 0x00000000e0000000)
  object space 140800K, 46% used [0x00000000a0000000,0x00000000a407bbc8,0x00000000a8980000)
 Metaspace       used 94369K, capacity 98262K, committed 98600K, reserved 1134592K
  class space    used 12226K, capacity 13058K, committed 13096K, reserved 1048576K
}

