# JRE version: OpenJDK Runtime Environment (8.0_242-b01) (build 1.8.0_242-release-1644-b01)
# Java VM: OpenJDK 64-Bit Server VM (25.242-b01 mixed mode windows-amd64 compressed oops)
Heap:
 PSYoungGen      total 380928K, used 324817K [0x00000000e0000000, 0x00000000f9880000, 0x0000000100000000)
  eden space 366080K, 88% used [0x00000000e0000000,0x00000000f3d34790,0x00000000f6580000)
  from space 14848K, 0% used [0x00000000f7900000,0x00000000f7900000,0x00000000f8780000)
  to   space 19968K, 0% used [0x00000000f6580000,0x00000000f6580000,0x00000000f7900000)
 ParOldGen       total 88064K, used 35560K [0x00000000a0000000, 0x00000000a5600000, 0x00000000e0000000)
  object space 88064K, 40% used [0x00000000a0000000,0x00000000a22ba0c0,0x00000000a5600000)
 Metaspace       used 72515K, capacity 74978K, committed 75264K, reserved 1114112K
  class space    used 9628K, capacity 10138K, committed 10240K, reserved 1048576K
GC Heap History (10 events):
Event: 110.531 GC heap before
{Heap before GC invocations=17 (full 2):
 PSYoungGen      total 290816K, used 288834K [0x00000000e0000000, 0x00000000f2880000, 0x0000000100000000)
  eden space 282112K, 100% used [0x00000000e0000000,0x00000000f1380000,0x00000000f1380000)
  from space 8704K, 77% used [0x00000000f2000000,0x00000000f26908d8,0x00000000f2880000)
  to   space 10752K, 0% used [0x00000000f1380000,0x00000000f1380000,0x00000000f1e00000)
 ParOldGen       total 49664K, used 12905K [0x00000000a0000000, 0x00000000a3080000, 0x00000000e0000000)
  object space 49664K, 25% used [0x00000000a0000000,0x00000000a0c9a668,0x00000000a3080000)
 Metaspace       used 47424K, capacity 48872K, committed 49024K, reserved 1091584K
  class space    used 6127K, capacity 6459K, committed 6528K, reserved 1048576K
Event: 110.598 GC heap after
Heap after GC invocations=17 (full 2):
 PSYoungGen      total 292864K, used 10726K [0x00000000e0000000, 0x00000000f6780000, 0x0000000100000000)
  eden space 282112K, 0% used [0x00000000e0000000,0x00000000e0000000,0x00000000f1380000)
  from space 10752K, 99% used [0x00000000f1380000,0x00000000f1df98a0,0x00000000f1e00000)
  to   space 13824K, 0% used [0x00000000f5a00000,0x00000000f5a00000,0x00000000f6780000)
 ParOldGen       total 49664K, used 17001K [0x00000000a0000000, 0x00000000a3080000, 0x00000000e0000000)
  object space 49664K, 34% used [0x00000000a0000000,0x00000000a109a4b0,0x00000000a3080000)
 Metaspace       used 47424K, capacity 48872K, committed 49024K, reserved 1091584K
  class space    used 6127K, capacity 6459K, committed 6528K, reserved 1048576K
}
Event: 164.979 GC heap before
{Heap before GC invocations=18 (full 2):
 PSYoungGen      total 292864K, used 292838K [0x00000000e0000000, 0x00000000f6780000, 0x0000000100000000)
  eden space 282112K, 100% used [0x00000000e0000000,0x00000000f1380000,0x00000000f1380000)
  from space 10752K, 99% used [0x00000000f1380000,0x00000000f1df98a0,0x00000000f1e00000)
  to   space 13824K, 0% used [0x00000000f5a00000,0x00000000f5a00000,0x00000000f6780000)
 ParOldGen       total 49664K, used 17001K [0x00000000a0000000, 0x00000000a3080000, 0x00000000e0000000)
  object space 49664K, 34% used [0x00000000a0000000,0x00000000a109a4b0,0x00000000a3080000)
 Metaspace       used 47561K, capacity 49000K, committed 49280K, reserved 1091584K
  class space    used 6127K, capacity 6459K, committed 6528K, reserved 1048576K
Event: 165.028 GC heap after
Heap after GC invocations=18 (full 2):
 PSYoungGen      total 342528K, used 10315K [0x00000000e0000000, 0x00000000f6480000, 0x0000000100000000)
  eden space 331776K, 0% used [0x00000000e0000000,0x00000000e0000000,0x00000000f4400000)
  from space 10752K, 95% used [0x00000000f5a00000,0x00000000f6412c88,0x00000000f6480000)
  to   space 14336K, 0% used [0x00000000f4880000,0x00000000f4880000,0x00000000f5680000)
 ParOldGen       total 49664K, used 17841K [0x00000000a0000000, 0x00000000a3080000, 0x00000000e0000000)
  object space 49664K, 35% used [0x00000000a0000000,0x00000000a116c4f8,0x00000000a3080000)
 Metaspace       used 47561K, capacity 49000K, committed 49280K, reserved 1091584K
  class space    used 6127K, capacity 6459K, committed 6528K, reserved 1048576K
}
Event: 173.674 GC heap before
{Heap before GC invocations=19 (full 2):
 PSYoungGen      total 342528K, used 342091K [0x00000000e0000000, 0x00000000f6480000, 0x0000000100000000)
  eden space 331776K, 100% used [0x00000000e0000000,0x00000000f4400000,0x00000000f4400000)
  from space 10752K, 95% used [0x00000000f5a00000,0x00000000f6412c88,0x00000000f6480000)
  to   space 14336K, 0% used [0x00000000f4880000,0x00000000f4880000,0x00000000f5680000)
 ParOldGen       total 49664K, used 17841K [0x00000000a0000000, 0x00000000a3080000, 0x00000000e0000000)
  object space 49664K, 35% used [0x00000000a0000000,0x00000000a116c4f8,0x00000000a3080000)
 Metaspace       used 47575K, capacity 49000K, committed 49280K, reserved 1091584K
  class space    used 6127K, capacity 6459K, committed 6528K, reserved 1048576K
Event: 173.716 GC heap after
Heap after GC invocations=19 (full 2):
 PSYoungGen      total 350720K, used 10518K [0x00000000e0000000, 0x00000000f8780000, 0x0000000100000000)
  eden space 336384K, 0% used [0x00000000e0000000,0x00000000e0000000,0x00000000f4880000)
  from space 14336K, 73% used [0x00000000f4880000,0x00000000f52c5870,0x00000000f5680000)
  to   space 14848K, 0% used [0x00000000f7900000,0x00000000f7900000,0x00000000f8780000)
 ParOldGen       total 49664K, used 17841K [0x00000000a0000000, 0x00000000a3080000, 0x00000000e0000000)
  object space 49664K, 35% used [0x00000000a0000000,0x00000000a116c4f8,0x00000000a3080000)
 Metaspace       used 47575K, capacity 49000K, committed 49280K, reserved 1091584K
  class space    used 6127K, capacity 6459K, committed 6528K, reserved 1048576K
}
Event: 187.845 GC heap before
{Heap before GC invocations=20 (full 2):
 PSYoungGen      total 350720K, used 296483K [0x00000000e0000000, 0x00000000f8780000, 0x0000000100000000)
  eden space 336384K, 85% used [0x00000000e0000000,0x00000000f1743548,0x00000000f4880000)
  from space 14336K, 73% used [0x00000000f4880000,0x00000000f52c5870,0x00000000f5680000)
  to   space 14848K, 0% used [0x00000000f7900000,0x00000000f7900000,0x00000000f8780000)
 ParOldGen       total 49664K, used 17841K [0x00000000a0000000, 0x00000000a3080000, 0x00000000e0000000)
  object space 49664K, 35% used [0x00000000a0000000,0x00000000a116c4f8,0x00000000a3080000)
 Metaspace       used 57081K, capacity 58958K, committed 59008K, reserved 1099776K
  class space    used 7357K, capacity 7761K, committed 7808K, reserved 1048576K
Event: 187.930 GC heap after
Heap after GC invocations=20 (full 2):
 PSYoungGen      total 380928K, used 14835K [0x00000000e0000000, 0x00000000f9880000, 0x0000000100000000)
  eden space 366080K, 0% used [0x00000000e0000000,0x00000000e0000000,0x00000000f6580000)
  from space 14848K, 99% used [0x00000000f7900000,0x00000000f877cda0,0x00000000f8780000)
  to   space 19968K, 0% used [0x00000000f6580000,0x00000000f6580000,0x00000000f7900000)
 ParOldGen       total 49664K, used 26058K [0x00000000a0000000, 0x00000000a3080000, 0x00000000e0000000)
  object space 49664K, 52% used [0x00000000a0000000,0x00000000a1972878,0x00000000a3080000)
 Metaspace       used 57081K, capacity 58958K, committed 59008K, reserved 1099776K
  class space    used 7357K, capacity 7761K, committed 7808K, reserved 1048576K
}
Event: 187.930 GC heap before
{Heap before GC invocations=21 (full 3):
 PSYoungGen      total 380928K, used 14835K [0x00000000e0000000, 0x00000000f9880000, 0x0000000100000000)
  eden space 366080K, 0% used [0x00000000e0000000,0x00000000e0000000,0x00000000f6580000)
  from space 14848K, 99% used [0x00000000f7900000,0x00000000f877cda0,0x00000000f8780000)
  to   space 19968K, 0% used [0x00000000f6580000,0x00000000f6580000,0x00000000f7900000)
 ParOldGen       total 49664K, used 26058K [0x00000000a0000000, 0x00000000a3080000, 0x00000000e0000000)
  object space 49664K, 52% used [0x00000000a0000000,0x00000000a1972878,0x00000000a3080000)
 Metaspace       used 57081K, capacity 58958K, committed 59008K, reserved 1099776K
  class space    used 7357K, capacity 7761K, committed 7808K, reserved 1048576K
Event: 188.991 GC heap after
Heap after GC invocations=21 (full 3):
 PSYoungGen      total 380928K, used 0K [0x00000000e0000000, 0x00000000f9880000, 0x0000000100000000)
  eden space 366080K, 0% used [0x00000000e0000000,0x00000000e0000000,0x00000000f6580000)
  from space 14848K, 0% used [0x00000000f7900000,0x00000000f7900000,0x00000000f8780000)
  to   space 19968K, 0% used [0x00000000f6580000,0x00000000f6580000,0x00000000f7900000)
 ParOldGen       total 88064K, used 35560K [0x00000000a0000000, 0x00000000a5600000, 0x00000000e0000000)
  object space 88064K, 40% used [0x00000000a0000000,0x00000000a22ba0c0,0x00000000a5600000)
 Metaspace       used 56954K, capacity 58670K, committed 59008K, reserved 1099776K
  class space    used 7321K, capacity 7716K, committed 7808K, reserved 1048576K
}

