# JRE version: OpenJDK Runtime Environment (8.0_242-b01) (build 1.8.0_242-release-1644-b01)
# Java VM: OpenJDK 64-Bit Server VM (25.242-b01 mixed mode windows-amd64 compressed oops)
Heap:
 PSYoungGen      total 243200K, used 210524K [0x00000000e0000000, 0x00000000eff00000, 0x0000000100000000)
  eden space 225280K, 88% used [0x00000000e0000000,0x00000000ec1a3d10,0x00000000edc00000)
  from space 17920K, 68% used [0x00000000edc00000,0x00000000ee7f3398,0x00000000eed80000)
  to   space 17408K, 0% used [0x00000000eee00000,0x00000000eee00000,0x00000000eff00000)
 ParOldGen       total 53760K, used 33156K [0x00000000a0000000, 0x00000000a3480000, 0x00000000e0000000)
  object space 53760K, 61% used [0x00000000a0000000,0x00000000a2061380,0x00000000a3480000)
 Metaspace       used 67919K, capacity 70600K, committed 70744K, reserved 1110016K
  class space    used 9231K, capacity 9767K, committed 9856K, reserved 1048576K
GC Heap History (10 events):
Event: 20.874 GC heap before
{Heap before GC invocations=12 (full 2):
 PSYoungGen      total 186368K, used 9480K [0x00000000e0000000, 0x00000000ec380000, 0x0000000100000000)
  eden space 174080K, 0% used [0x00000000e0000000,0x00000000e0000000,0x00000000eaa00000)
  from space 12288K, 77% used [0x00000000eb680000,0x00000000ebfc2088,0x00000000ec280000)
  to   space 12800K, 0% used [0x00000000eaa00000,0x00000000eaa00000,0x00000000eb680000)
 ParOldGen       total 33280K, used 10928K [0x00000000a0000000, 0x00000000a2080000, 0x00000000e0000000)
  object space 33280K, 32% used [0x00000000a0000000,0x00000000a0aac1b0,0x00000000a2080000)
 Metaspace       used 34485K, capacity 35310K, committed 35416K, reserved 1079296K
  class space    used 4710K, capacity 4926K, committed 4992K, reserved 1048576K
Event: 21.061 GC heap after
Heap after GC invocations=12 (full 2):
 PSYoungGen      total 186368K, used 0K [0x00000000e0000000, 0x00000000ec380000, 0x0000000100000000)
  eden space 174080K, 0% used [0x00000000e0000000,0x00000000e0000000,0x00000000eaa00000)
  from space 12288K, 0% used [0x00000000eb680000,0x00000000eb680000,0x00000000ec280000)
  to   space 12800K, 0% used [0x00000000eaa00000,0x00000000eaa00000,0x00000000eb680000)
 ParOldGen       total 53760K, used 15861K [0x00000000a0000000, 0x00000000a3480000, 0x00000000e0000000)
  object space 53760K, 29% used [0x00000000a0000000,0x00000000a0f7d770,0x00000000a3480000)
 Metaspace       used 34485K, capacity 35310K, committed 35416K, reserved 1079296K
  class space    used 4710K, capacity 4926K, committed 4992K, reserved 1048576K
}
Event: 30.523 GC heap before
{Heap before GC invocations=13 (full 2):
 PSYoungGen      total 186368K, used 174080K [0x00000000e0000000, 0x00000000ec380000, 0x0000000100000000)
  eden space 174080K, 100% used [0x00000000e0000000,0x00000000eaa00000,0x00000000eaa00000)
  from space 12288K, 0% used [0x00000000eb680000,0x00000000eb680000,0x00000000ec280000)
  to   space 12800K, 0% used [0x00000000eaa00000,0x00000000eaa00000,0x00000000eb680000)
 ParOldGen       total 53760K, used 15861K [0x00000000a0000000, 0x00000000a3480000, 0x00000000e0000000)
  object space 53760K, 29% used [0x00000000a0000000,0x00000000a0f7d770,0x00000000a3480000)
 Metaspace       used 49194K, capacity 50662K, committed 51032K, reserved 1093632K
  class space    used 6577K, capacity 6948K, committed 7040K, reserved 1048576K
Event: 30.569 GC heap after
Heap after GC invocations=13 (full 2):
 PSYoungGen      total 186880K, used 12793K [0x00000000e0000000, 0x00000000eff80000, 0x0000000100000000)
  eden space 174080K, 0% used [0x00000000e0000000,0x00000000e0000000,0x00000000eaa00000)
  from space 12800K, 99% used [0x00000000eaa00000,0x00000000eb67e720,0x00000000eb680000)
  to   space 17920K, 0% used [0x00000000eee00000,0x00000000eee00000,0x00000000eff80000)
 ParOldGen       total 53760K, used 23859K [0x00000000a0000000, 0x00000000a3480000, 0x00000000e0000000)
  object space 53760K, 44% used [0x00000000a0000000,0x00000000a174cd08,0x00000000a3480000)
 Metaspace       used 49194K, capacity 50662K, committed 51032K, reserved 1093632K
  class space    used 6577K, capacity 6948K, committed 7040K, reserved 1048576K
}
Event: 33.781 GC heap before
{Heap before GC invocations=14 (full 2):
 PSYoungGen      total 186880K, used 101420K [0x00000000e0000000, 0x00000000eff80000, 0x0000000100000000)
  eden space 174080K, 50% used [0x00000000e0000000,0x00000000e568ca58,0x00000000eaa00000)
  from space 12800K, 99% used [0x00000000eaa00000,0x00000000eb67e720,0x00000000eb680000)
  to   space 17920K, 0% used [0x00000000eee00000,0x00000000eee00000,0x00000000eff80000)
 ParOldGen       total 53760K, used 23859K [0x00000000a0000000, 0x00000000a3480000, 0x00000000e0000000)
  object space 53760K, 44% used [0x00000000a0000000,0x00000000a174cd08,0x00000000a3480000)
 Metaspace       used 56973K, capacity 58818K, committed 58968K, reserved 1099776K
  class space    used 7819K, capacity 8224K, committed 8320K, reserved 1048576K
Event: 33.828 GC heap after
Heap after GC invocations=14 (full 2):
 PSYoungGen      total 242688K, used 10016K [0x00000000e0000000, 0x00000000eff00000, 0x0000000100000000)
  eden space 225280K, 0% used [0x00000000e0000000,0x00000000e0000000,0x00000000edc00000)
  from space 17408K, 57% used [0x00000000eee00000,0x00000000ef7c8118,0x00000000eff00000)
  to   space 17920K, 0% used [0x00000000edc00000,0x00000000edc00000,0x00000000eed80000)
 ParOldGen       total 53760K, used 34737K [0x00000000a0000000, 0x00000000a3480000, 0x00000000e0000000)
  object space 53760K, 64% used [0x00000000a0000000,0x00000000a21ec700,0x00000000a3480000)
 Metaspace       used 56973K, capacity 58818K, committed 58968K, reserved 1099776K
  class space    used 7819K, capacity 8224K, committed 8320K, reserved 1048576K
}
Event: 33.828 GC heap before
{Heap before GC invocations=15 (full 3):
 PSYoungGen      total 242688K, used 10016K [0x00000000e0000000, 0x00000000eff00000, 0x0000000100000000)
  eden space 225280K, 0% used [0x00000000e0000000,0x00000000e0000000,0x00000000edc00000)
  from space 17408K, 57% used [0x00000000eee00000,0x00000000ef7c8118,0x00000000eff00000)
  to   space 17920K, 0% used [0x00000000edc00000,0x00000000edc00000,0x00000000eed80000)
 ParOldGen       total 53760K, used 34737K [0x00000000a0000000, 0x00000000a3480000, 0x00000000e0000000)
  object space 53760K, 64% used [0x00000000a0000000,0x00000000a21ec700,0x00000000a3480000)
 Metaspace       used 56973K, capacity 58818K, committed 58968K, reserved 1099776K
  class space    used 7819K, capacity 8224K, committed 8320K, reserved 1048576K
Event: 34.355 GC heap after
Heap after GC invocations=15 (full 3):
 PSYoungGen      total 242688K, used 0K [0x00000000e0000000, 0x00000000eff00000, 0x0000000100000000)
  eden space 225280K, 0% used [0x00000000e0000000,0x00000000e0000000,0x00000000edc00000)
  from space 17408K, 0% used [0x00000000eee00000,0x00000000eee00000,0x00000000eff00000)
  to   space 17920K, 0% used [0x00000000edc00000,0x00000000edc00000,0x00000000eed80000)
 ParOldGen       total 53760K, used 33148K [0x00000000a0000000, 0x00000000a3480000, 0x00000000e0000000)
  object space 53760K, 61% used [0x00000000a0000000,0x00000000a205f380,0x00000000a3480000)
 Metaspace       used 56963K, capacity 58782K, committed 58968K, reserved 1099776K
  class space    used 7816K, capacity 8218K, committed 8320K, reserved 1048576K
}
Event: 46.502 GC heap before
{Heap before GC invocations=16 (full 3):
 PSYoungGen      total 242688K, used 225280K [0x00000000e0000000, 0x00000000eff00000, 0x0000000100000000)
  eden space 225280K, 100% used [0x00000000e0000000,0x00000000edc00000,0x00000000edc00000)
  from space 17408K, 0% used [0x00000000eee00000,0x00000000eee00000,0x00000000eff00000)
  to   space 17920K, 0% used [0x00000000edc00000,0x00000000edc00000,0x00000000eed80000)
 ParOldGen       total 53760K, used 33148K [0x00000000a0000000, 0x00000000a3480000, 0x00000000e0000000)
  object space 53760K, 61% used [0x00000000a0000000,0x00000000a205f380,0x00000000a3480000)
 Metaspace       used 62404K, capacity 65014K, committed 65112K, reserved 1105920K
  class space    used 8529K, capacity 9080K, committed 9088K, reserved 1048576K
Event: 46.569 GC heap after
Heap after GC invocations=16 (full 3):
 PSYoungGen      total 243200K, used 12236K [0x00000000e0000000, 0x00000000eff00000, 0x0000000100000000)
  eden space 225280K, 0% used [0x00000000e0000000,0x00000000e0000000,0x00000000edc00000)
  from space 17920K, 68% used [0x00000000edc00000,0x00000000ee7f3398,0x00000000eed80000)
  to   space 17408K, 0% used [0x00000000eee00000,0x00000000eee00000,0x00000000eff00000)
 ParOldGen       total 53760K, used 33156K [0x00000000a0000000, 0x00000000a3480000, 0x00000000e0000000)
  object space 53760K, 61% used [0x00000000a0000000,0x00000000a2061380,0x00000000a3480000)
 Metaspace       used 62404K, capacity 65014K, committed 65112K, reserved 1105920K
  class space    used 8529K, capacity 9080K, committed 9088K, reserved 1048576K
}

