# JRE version: OpenJDK Runtime Environment (8.0_242-b01) (build 1.8.0_242-release-1644-b01)
# Java VM: OpenJDK 64-Bit Server VM (25.242-b01 mixed mode windows-amd64 compressed oops)
Heap:
 PSYoungGen      total 213504K, used 198243K [0x00000000e0000000, 0x00000000ef780000, 0x0000000100000000)
  eden space 194048K, 92% used [0x00000000e0000000,0x00000000eae993f0,0x00000000ebd80000)
  from space 19456K, 99% used [0x00000000ed400000,0x00000000ee6ffaa0,0x00000000ee700000)
  to   space 23040K, 0% used [0x00000000ebd80000,0x00000000ebd80000,0x00000000ed400000)
 ParOldGen       total 86016K, used 32878K [0x00000000a0000000, 0x00000000a5400000, 0x00000000e0000000)
  object space 86016K, 38% used [0x00000000a0000000,0x00000000a201b8a0,0x00000000a5400000)
 Metaspace       used 74469K, capacity 77846K, committed 77912K, reserved 1116160K
  class space    used 9912K, capacity 10621K, committed 10624K, reserved 1048576K
GC Heap History (10 events):
Event: 24.652 GC heap before
{Heap before GC invocations=17 (full 2):
 PSYoungGen      total 164352K, used 60683K [0x00000000e0000000, 0x00000000eb900000, 0x0000000100000000)
  eden space 152576K, 32% used [0x00000000e0000000,0x00000000e2fc73e0,0x00000000e9500000)
  from space 11776K, 99% used [0x00000000ea500000,0x00000000eb07bb30,0x00000000eb080000)
  to   space 16384K, 0% used [0x00000000e9500000,0x00000000e9500000,0x00000000ea500000)
 ParOldGen       total 52224K, used 26672K [0x00000000a0000000, 0x00000000a3300000, 0x00000000e0000000)
  object space 52224K, 51% used [0x00000000a0000000,0x00000000a1a0c0a8,0x00000000a3300000)
 Metaspace       used 56833K, capacity 58862K, committed 59028K, reserved 1099776K
  class space    used 7752K, capacity 8185K, committed 8192K, reserved 1048576K
Event: 24.674 GC heap after
Heap after GC invocations=17 (full 2):
 PSYoungGen      total 168960K, used 3735K [0x00000000e0000000, 0x00000000edb00000, 0x0000000100000000)
  eden space 152576K, 0% used [0x00000000e0000000,0x00000000e0000000,0x00000000e9500000)
  from space 16384K, 22% used [0x00000000e9500000,0x00000000e98a5e00,0x00000000ea500000)
  to   space 15872K, 0% used [0x00000000ecb80000,0x00000000ecb80000,0x00000000edb00000)
 ParOldGen       total 52224K, used 35267K [0x00000000a0000000, 0x00000000a3300000, 0x00000000e0000000)
  object space 52224K, 67% used [0x00000000a0000000,0x00000000a2270fd8,0x00000000a3300000)
 Metaspace       used 56833K, capacity 58862K, committed 59028K, reserved 1099776K
  class space    used 7752K, capacity 8185K, committed 8192K, reserved 1048576K
}
Event: 24.674 GC heap before
{Heap before GC invocations=18 (full 3):
 PSYoungGen      total 168960K, used 3735K [0x00000000e0000000, 0x00000000edb00000, 0x0000000100000000)
  eden space 152576K, 0% used [0x00000000e0000000,0x00000000e0000000,0x00000000e9500000)
  from space 16384K, 22% used [0x00000000e9500000,0x00000000e98a5e00,0x00000000ea500000)
  to   space 15872K, 0% used [0x00000000ecb80000,0x00000000ecb80000,0x00000000edb00000)
 ParOldGen       total 52224K, used 35267K [0x00000000a0000000, 0x00000000a3300000, 0x00000000e0000000)
  object space 52224K, 67% used [0x00000000a0000000,0x00000000a2270fd8,0x00000000a3300000)
 Metaspace       used 56833K, capacity 58862K, committed 59028K, reserved 1099776K
  class space    used 7752K, capacity 8185K, committed 8192K, reserved 1048576K
Event: 25.184 GC heap after
Heap after GC invocations=18 (full 3):
 PSYoungGen      total 168960K, used 0K [0x00000000e0000000, 0x00000000edb00000, 0x0000000100000000)
  eden space 152576K, 0% used [0x00000000e0000000,0x00000000e0000000,0x00000000e9500000)
  from space 16384K, 0% used [0x00000000e9500000,0x00000000e9500000,0x00000000ea500000)
  to   space 15872K, 0% used [0x00000000ecb80000,0x00000000ecb80000,0x00000000edb00000)
 ParOldGen       total 86016K, used 30940K [0x00000000a0000000, 0x00000000a5400000, 0x00000000e0000000)
  object space 86016K, 35% used [0x00000000a0000000,0x00000000a1e37238,0x00000000a5400000)
 Metaspace       used 56828K, capacity 58844K, committed 59028K, reserved 1099776K
  class space    used 7750K, capacity 8182K, committed 8192K, reserved 1048576K
}
Event: 34.134 GC heap before
{Heap before GC invocations=19 (full 3):
 PSYoungGen      total 168960K, used 152576K [0x00000000e0000000, 0x00000000edb00000, 0x0000000100000000)
  eden space 152576K, 100% used [0x00000000e0000000,0x00000000e9500000,0x00000000e9500000)
  from space 16384K, 0% used [0x00000000e9500000,0x00000000e9500000,0x00000000ea500000)
  to   space 15872K, 0% used [0x00000000ecb80000,0x00000000ecb80000,0x00000000edb00000)
 ParOldGen       total 86016K, used 30940K [0x00000000a0000000, 0x00000000a5400000, 0x00000000e0000000)
  object space 86016K, 35% used [0x00000000a0000000,0x00000000a1e37238,0x00000000a5400000)
 Metaspace       used 64617K, capacity 67078K, committed 67288K, reserved 1107968K
  class space    used 8916K, capacity 9436K, committed 9472K, reserved 1048576K
Event: 34.176 GC heap after
Heap after GC invocations=19 (full 3):
 PSYoungGen      total 192512K, used 13127K [0x00000000e0000000, 0x00000000ed880000, 0x0000000100000000)
  eden space 179200K, 0% used [0x00000000e0000000,0x00000000e0000000,0x00000000eaf00000)
  from space 13312K, 98% used [0x00000000ecb80000,0x00000000ed851cd0,0x00000000ed880000)
  to   space 17408K, 0% used [0x00000000eb680000,0x00000000eb680000,0x00000000ec780000)
 ParOldGen       total 86016K, used 30948K [0x00000000a0000000, 0x00000000a5400000, 0x00000000e0000000)
  object space 86016K, 35% used [0x00000000a0000000,0x00000000a1e39238,0x00000000a5400000)
 Metaspace       used 64617K, capacity 67078K, committed 67288K, reserved 1107968K
  class space    used 8916K, capacity 9436K, committed 9472K, reserved 1048576K
}
Event: 47.485 GC heap before
{Heap before GC invocations=20 (full 3):
 PSYoungGen      total 192512K, used 192327K [0x00000000e0000000, 0x00000000ed880000, 0x0000000100000000)
  eden space 179200K, 100% used [0x00000000e0000000,0x00000000eaf00000,0x00000000eaf00000)
  from space 13312K, 98% used [0x00000000ecb80000,0x00000000ed851cd0,0x00000000ed880000)
  to   space 17408K, 0% used [0x00000000eb680000,0x00000000eb680000,0x00000000ec780000)
 ParOldGen       total 86016K, used 30948K [0x00000000a0000000, 0x00000000a5400000, 0x00000000e0000000)
  object space 86016K, 35% used [0x00000000a0000000,0x00000000a1e39238,0x00000000a5400000)
 Metaspace       used 66836K, capacity 69874K, committed 69976K, reserved 1110016K
  class space    used 9188K, capacity 9792K, committed 9856K, reserved 1048576K
Event: 47.551 GC heap after
Heap after GC invocations=20 (full 3):
 PSYoungGen      total 204288K, used 14474K [0x00000000e0000000, 0x00000000ee700000, 0x0000000100000000)
  eden space 186880K, 0% used [0x00000000e0000000,0x00000000e0000000,0x00000000eb680000)
  from space 17408K, 83% used [0x00000000eb680000,0x00000000ec4a28b0,0x00000000ec780000)
  to   space 19456K, 0% used [0x00000000ed400000,0x00000000ed400000,0x00000000ee700000)
 ParOldGen       total 86016K, used 30956K [0x00000000a0000000, 0x00000000a5400000, 0x00000000e0000000)
  object space 86016K, 35% used [0x00000000a0000000,0x00000000a1e3b238,0x00000000a5400000)
 Metaspace       used 66836K, capacity 69874K, committed 69976K, reserved 1110016K
  class space    used 9188K, capacity 9792K, committed 9856K, reserved 1048576K
}
Event: 51.992 GC heap before
{Heap before GC invocations=21 (full 3):
 PSYoungGen      total 204288K, used 201354K [0x00000000e0000000, 0x00000000ee700000, 0x0000000100000000)
  eden space 186880K, 100% used [0x00000000e0000000,0x00000000eb680000,0x00000000eb680000)
  from space 17408K, 83% used [0x00000000eb680000,0x00000000ec4a28b0,0x00000000ec780000)
  to   space 19456K, 0% used [0x00000000ed400000,0x00000000ed400000,0x00000000ee700000)
 ParOldGen       total 86016K, used 30956K [0x00000000a0000000, 0x00000000a5400000, 0x00000000e0000000)
  object space 86016K, 35% used [0x00000000a0000000,0x00000000a1e3b238,0x00000000a5400000)
 Metaspace       used 67534K, capacity 70546K, committed 70744K, reserved 1110016K
  class space    used 9225K, capacity 9824K, committed 9856K, reserved 1048576K
Event: 52.060 GC heap after
Heap after GC invocations=21 (full 3):
 PSYoungGen      total 213504K, used 19454K [0x00000000e0000000, 0x00000000ef780000, 0x0000000100000000)
  eden space 194048K, 0% used [0x00000000e0000000,0x00000000e0000000,0x00000000ebd80000)
  from space 19456K, 99% used [0x00000000ed400000,0x00000000ee6ffaa0,0x00000000ee700000)
  to   space 23040K, 0% used [0x00000000ebd80000,0x00000000ebd80000,0x00000000ed400000)
 ParOldGen       total 86016K, used 32878K [0x00000000a0000000, 0x00000000a5400000, 0x00000000e0000000)
  object space 86016K, 38% used [0x00000000a0000000,0x00000000a201b8a0,0x00000000a5400000)
 Metaspace       used 67534K, capacity 70546K, committed 70744K, reserved 1110016K
  class space    used 9225K, capacity 9824K, committed 9856K, reserved 1048576K
}

