# JRE version: OpenJDK Runtime Environment (8.0_242-b01) (build 1.8.0_242-release-1644-b01)
# Java VM: OpenJDK 64-Bit Server VM (25.242-b01 mixed mode windows-amd64 compressed oops)
Heap:
 PSYoungGen      total 246272K, used 158588K [0x00000000e0000000, 0x00000000f3f00000, 0x0000000100000000)
  eden space 228352K, 61% used [0x00000000e0000000,0x00000000e89635a0,0x00000000edf00000)
  from space 17920K, 99% used [0x00000000edf00000,0x00000000ef07bd00,0x00000000ef080000)
  to   space 25088K, 0% used [0x00000000f2680000,0x00000000f2680000,0x00000000f3f00000)
 ParOldGen       total 86016K, used 45217K [0x00000000a0000000, 0x00000000a5400000, 0x00000000e0000000)
  object space 86016K, 52% used [0x00000000a0000000,0x00000000a2c287e0,0x00000000a5400000)
 Metaspace       used 69238K, capacity 72806K, committed 73000K, reserved 1112064K
  class space    used 9547K, capacity 10266K, committed 10288K, reserved 1048576K
GC Heap History (10 events):
Event: 22.993 GC heap before
{Heap before GC invocations=12 (full 2):
 PSYoungGen      total 186880K, used 9317K [0x00000000e0000000, 0x00000000ec480000, 0x0000000100000000)
  eden space 175616K, 0% used [0x00000000e0000000,0x00000000e0000000,0x00000000eab80000)
  from space 11264K, 82% used [0x00000000eb980000,0x00000000ec299420,0x00000000ec480000)
  to   space 12800K, 0% used [0x00000000eab80000,0x00000000eab80000,0x00000000eb800000)
 ParOldGen       total 33280K, used 11814K [0x00000000a0000000, 0x00000000a2080000, 0x00000000e0000000)
  object space 33280K, 35% used [0x00000000a0000000,0x00000000a0b89a10,0x00000000a2080000)
 Metaspace       used 34642K, capacity 35430K, committed 35496K, reserved 1079296K
  class space    used 4753K, capacity 4976K, committed 5040K, reserved 1048576K
Event: 23.206 GC heap after
Heap after GC invocations=12 (full 2):
 PSYoungGen      total 186880K, used 0K [0x00000000e0000000, 0x00000000ec480000, 0x0000000100000000)
  eden space 175616K, 0% used [0x00000000e0000000,0x00000000e0000000,0x00000000eab80000)
  from space 11264K, 0% used [0x00000000eb980000,0x00000000eb980000,0x00000000ec480000)
  to   space 12800K, 0% used [0x00000000eab80000,0x00000000eab80000,0x00000000eb800000)
 ParOldGen       total 52224K, used 16317K [0x00000000a0000000, 0x00000000a3300000, 0x00000000e0000000)
  object space 52224K, 31% used [0x00000000a0000000,0x00000000a0fef570,0x00000000a3300000)
 Metaspace       used 34642K, capacity 35430K, committed 35496K, reserved 1079296K
  class space    used 4753K, capacity 4976K, committed 5040K, reserved 1048576K
}
Event: 32.426 GC heap before
{Heap before GC invocations=13 (full 2):
 PSYoungGen      total 186880K, used 175616K [0x00000000e0000000, 0x00000000ec480000, 0x0000000100000000)
  eden space 175616K, 100% used [0x00000000e0000000,0x00000000eab80000,0x00000000eab80000)
  from space 11264K, 0% used [0x00000000eb980000,0x00000000eb980000,0x00000000ec480000)
  to   space 12800K, 0% used [0x00000000eab80000,0x00000000eab80000,0x00000000eb800000)
 ParOldGen       total 52224K, used 16317K [0x00000000a0000000, 0x00000000a3300000, 0x00000000e0000000)
  object space 52224K, 31% used [0x00000000a0000000,0x00000000a0fef570,0x00000000a3300000)
 Metaspace       used 49395K, capacity 50948K, committed 51112K, reserved 1093632K
  class space    used 6607K, capacity 7007K, committed 7088K, reserved 1048576K
Event: 32.483 GC heap after
Heap after GC invocations=13 (full 2):
 PSYoungGen      total 188416K, used 12778K [0x00000000e0000000, 0x00000000f0180000, 0x0000000100000000)
  eden space 175616K, 0% used [0x00000000e0000000,0x00000000e0000000,0x00000000eab80000)
  from space 12800K, 99% used [0x00000000eab80000,0x00000000eb7fabe0,0x00000000eb800000)
  to   space 17408K, 0% used [0x00000000ef080000,0x00000000ef080000,0x00000000f0180000)
 ParOldGen       total 52224K, used 23913K [0x00000000a0000000, 0x00000000a3300000, 0x00000000e0000000)
  object space 52224K, 45% used [0x00000000a0000000,0x00000000a175a460,0x00000000a3300000)
 Metaspace       used 49395K, capacity 50948K, committed 51112K, reserved 1093632K
  class space    used 6607K, capacity 7007K, committed 7088K, reserved 1048576K
}
Event: 36.401 GC heap before
{Heap before GC invocations=14 (full 2):
 PSYoungGen      total 188416K, used 109894K [0x00000000e0000000, 0x00000000f0180000, 0x0000000100000000)
  eden space 175616K, 55% used [0x00000000e0000000,0x00000000e5ed6d38,0x00000000eab80000)
  from space 12800K, 99% used [0x00000000eab80000,0x00000000eb7fabe0,0x00000000eb800000)
  to   space 17408K, 0% used [0x00000000ef080000,0x00000000ef080000,0x00000000f0180000)
 ParOldGen       total 52224K, used 23913K [0x00000000a0000000, 0x00000000a3300000, 0x00000000e0000000)
  object space 52224K, 45% used [0x00000000a0000000,0x00000000a175a460,0x00000000a3300000)
 Metaspace       used 57126K, capacity 59064K, committed 59160K, reserved 1099776K
  class space    used 7842K, capacity 8313K, committed 8368K, reserved 1048576K
Event: 36.493 GC heap after
Heap after GC invocations=14 (full 2):
 PSYoungGen      total 245760K, used 10538K [0x00000000e0000000, 0x00000000f0480000, 0x0000000100000000)
  eden space 228352K, 0% used [0x00000000e0000000,0x00000000e0000000,0x00000000edf00000)
  from space 17408K, 60% used [0x00000000ef080000,0x00000000efaca9d8,0x00000000f0180000)
  to   space 17920K, 0% used [0x00000000edf00000,0x00000000edf00000,0x00000000ef080000)
 ParOldGen       total 52224K, used 34265K [0x00000000a0000000, 0x00000000a3300000, 0x00000000e0000000)
  object space 52224K, 65% used [0x00000000a0000000,0x00000000a2176440,0x00000000a3300000)
 Metaspace       used 57126K, capacity 59064K, committed 59160K, reserved 1099776K
  class space    used 7842K, capacity 8313K, committed 8368K, reserved 1048576K
}
Event: 36.493 GC heap before
{Heap before GC invocations=15 (full 3):
 PSYoungGen      total 245760K, used 10538K [0x00000000e0000000, 0x00000000f0480000, 0x0000000100000000)
  eden space 228352K, 0% used [0x00000000e0000000,0x00000000e0000000,0x00000000edf00000)
  from space 17408K, 60% used [0x00000000ef080000,0x00000000efaca9d8,0x00000000f0180000)
  to   space 17920K, 0% used [0x00000000edf00000,0x00000000edf00000,0x00000000ef080000)
 ParOldGen       total 52224K, used 34265K [0x00000000a0000000, 0x00000000a3300000, 0x00000000e0000000)
  object space 52224K, 65% used [0x00000000a0000000,0x00000000a2176440,0x00000000a3300000)
 Metaspace       used 57126K, capacity 59064K, committed 59160K, reserved 1099776K
  class space    used 7842K, capacity 8313K, committed 8368K, reserved 1048576K
Event: 37.296 GC heap after
Heap after GC invocations=15 (full 3):
 PSYoungGen      total 245760K, used 0K [0x00000000e0000000, 0x00000000f0480000, 0x0000000100000000)
  eden space 228352K, 0% used [0x00000000e0000000,0x00000000e0000000,0x00000000edf00000)
  from space 17408K, 0% used [0x00000000ef080000,0x00000000ef080000,0x00000000f0180000)
  to   space 17920K, 0% used [0x00000000edf00000,0x00000000edf00000,0x00000000ef080000)
 ParOldGen       total 86016K, used 33129K [0x00000000a0000000, 0x00000000a5400000, 0x00000000e0000000)
  object space 86016K, 38% used [0x00000000a0000000,0x00000000a205a7c0,0x00000000a5400000)
 Metaspace       used 57118K, capacity 59040K, committed 59160K, reserved 1099776K
  class space    used 7840K, capacity 8309K, committed 8368K, reserved 1048576K
}
Event: 50.186 GC heap before
{Heap before GC invocations=16 (full 3):
 PSYoungGen      total 245760K, used 228352K [0x00000000e0000000, 0x00000000f0480000, 0x0000000100000000)
  eden space 228352K, 100% used [0x00000000e0000000,0x00000000edf00000,0x00000000edf00000)
  from space 17408K, 0% used [0x00000000ef080000,0x00000000ef080000,0x00000000f0180000)
  to   space 17920K, 0% used [0x00000000edf00000,0x00000000edf00000,0x00000000ef080000)
 ParOldGen       total 86016K, used 33129K [0x00000000a0000000, 0x00000000a5400000, 0x00000000e0000000)
  object space 86016K, 38% used [0x00000000a0000000,0x00000000a205a7c0,0x00000000a5400000)
 Metaspace       used 67501K, capacity 70866K, committed 71080K, reserved 1110016K
  class space    used 9407K, capacity 10082K, committed 10160K, reserved 1048576K
Event: 50.322 GC heap after
Heap after GC invocations=16 (full 3):
 PSYoungGen      total 246272K, used 17903K [0x00000000e0000000, 0x00000000f3f00000, 0x0000000100000000)
  eden space 228352K, 0% used [0x00000000e0000000,0x00000000e0000000,0x00000000edf00000)
  from space 17920K, 99% used [0x00000000edf00000,0x00000000ef07bd00,0x00000000ef080000)
  to   space 25088K, 0% used [0x00000000f2680000,0x00000000f2680000,0x00000000f3f00000)
 ParOldGen       total 86016K, used 45217K [0x00000000a0000000, 0x00000000a5400000, 0x00000000e0000000)
  object space 86016K, 52% used [0x00000000a0000000,0x00000000a2c287e0,0x00000000a5400000)
 Metaspace       used 67501K, capacity 70866K, committed 71080K, reserved 1110016K
  class space    used 9407K, capacity 10082K, committed 10160K, reserved 1048576K
}

