# JRE version: OpenJDK Runtime Environment (8.0_212-b04) (build 1.8.0_212-release-1586-b04)
# Java VM: OpenJDK 64-Bit Server VM (25.212-b04 mixed mode windows-amd64 compressed oops)
Heap:
 PSYoungGen      total 152064K, used 13391K [0x00000000e0000000, 0x00000000ec480000, 0x0000000100000000)
  eden space 137216K, 9% used [0x00000000e0000000,0x00000000e0d13eb8,0x00000000e8600000)
  from space 14848K, 0% used [0x00000000e8600000,0x00000000e8600000,0x00000000e9480000)
  to   space 14336K, 0% used [0x00000000eb680000,0x00000000eb680000,0x00000000ec480000)
 ParOldGen       total 91648K, used 33585K [0x00000000a0000000, 0x00000000a5980000, 0x00000000e0000000)
  object space 91648K, 36% used [0x00000000a0000000,0x00000000a20cc440,0x00000000a5980000)
 Metaspace       used 57344K, capacity 59667K, committed 59944K, reserved 1101824K
  class space    used 7918K, capacity 8405K, committed 8488K, reserved 1048576K
GC Heap History (10 events):
Event: 19.069 GC heap before
{Heap before GC invocations=14 (full 2):
 PSYoungGen      total 120832K, used 2684K [0x00000000e0000000, 0x00000000e9080000, 0x0000000100000000)
  eden space 112128K, 0% used [0x00000000e0000000,0x00000000e0000000,0x00000000e6d80000)
  from space 8704K, 30% used [0x00000000e7600000,0x00000000e789f210,0x00000000e7e80000)
  to   space 8704K, 0% used [0x00000000e6d80000,0x00000000e6d80000,0x00000000e7600000)
 ParOldGen       total 35328K, used 16380K [0x00000000a0000000, 0x00000000a2280000, 0x00000000e0000000)
  object space 35328K, 46% used [0x00000000a0000000,0x00000000a0fff3d0,0x00000000a2280000)
 Metaspace       used 34450K, capacity 35378K, committed 35496K, reserved 1079296K
  class space    used 4679K, capacity 4942K, committed 5032K, reserved 1048576K
Event: 19.268 GC heap after
Heap after GC invocations=14 (full 2):
 PSYoungGen      total 120832K, used 0K [0x00000000e0000000, 0x00000000e9080000, 0x0000000100000000)
  eden space 112128K, 0% used [0x00000000e0000000,0x00000000e0000000,0x00000000e6d80000)
  from space 8704K, 0% used [0x00000000e7600000,0x00000000e7600000,0x00000000e7e80000)
  to   space 8704K, 0% used [0x00000000e6d80000,0x00000000e6d80000,0x00000000e7600000)
 ParOldGen       total 55296K, used 15861K [0x00000000a0000000, 0x00000000a3600000, 0x00000000e0000000)
  object space 55296K, 28% used [0x00000000a0000000,0x00000000a0f7d618,0x00000000a3600000)
 Metaspace       used 34450K, capacity 35378K, committed 35496K, reserved 1079296K
  class space    used 4679K, capacity 4942K, committed 5032K, reserved 1048576K
}
Event: 25.352 GC heap before
{Heap before GC invocations=15 (full 2):
 PSYoungGen      total 120832K, used 112128K [0x00000000e0000000, 0x00000000e9080000, 0x0000000100000000)
  eden space 112128K, 100% used [0x00000000e0000000,0x00000000e6d80000,0x00000000e6d80000)
  from space 8704K, 0% used [0x00000000e7600000,0x00000000e7600000,0x00000000e7e80000)
  to   space 8704K, 0% used [0x00000000e6d80000,0x00000000e6d80000,0x00000000e7600000)
 ParOldGen       total 55296K, used 15861K [0x00000000a0000000, 0x00000000a3600000, 0x00000000e0000000)
  object space 55296K, 28% used [0x00000000a0000000,0x00000000a0f7d618,0x00000000a3600000)
 Metaspace       used 41866K, capacity 43298K, committed 43432K, reserved 1087488K
  class space    used 5722K, capacity 6050K, committed 6056K, reserved 1048576K
Event: 25.373 GC heap after
Heap after GC invocations=15 (full 2):
 PSYoungGen      total 120832K, used 8676K [0x00000000e0000000, 0x00000000e9e80000, 0x0000000100000000)
  eden space 112128K, 0% used [0x00000000e0000000,0x00000000e0000000,0x00000000e6d80000)
  from space 8704K, 99% used [0x00000000e6d80000,0x00000000e75f9350,0x00000000e7600000)
  to   space 10240K, 0% used [0x00000000e9480000,0x00000000e9480000,0x00000000e9e80000)
 ParOldGen       total 55296K, used 17196K [0x00000000a0000000, 0x00000000a3600000, 0x00000000e0000000)
  object space 55296K, 31% used [0x00000000a0000000,0x00000000a10cb308,0x00000000a3600000)
 Metaspace       used 41866K, capacity 43298K, committed 43432K, reserved 1087488K
  class space    used 5722K, capacity 6050K, committed 6056K, reserved 1048576K
}
Event: 30.556 GC heap before
{Heap before GC invocations=16 (full 2):
 PSYoungGen      total 120832K, used 120804K [0x00000000e0000000, 0x00000000e9e80000, 0x0000000100000000)
  eden space 112128K, 100% used [0x00000000e0000000,0x00000000e6d80000,0x00000000e6d80000)
  from space 8704K, 99% used [0x00000000e6d80000,0x00000000e75f9350,0x00000000e7600000)
  to   space 10240K, 0% used [0x00000000e9480000,0x00000000e9480000,0x00000000e9e80000)
 ParOldGen       total 55296K, used 17196K [0x00000000a0000000, 0x00000000a3600000, 0x00000000e0000000)
  object space 55296K, 31% used [0x00000000a0000000,0x00000000a10cb308,0x00000000a3600000)
 Metaspace       used 51255K, capacity 53096K, committed 53160K, reserved 1095680K
  class space    used 6886K, capacity 7312K, committed 7336K, reserved 1048576K
Event: 30.593 GC heap after
Heap after GC invocations=16 (full 2):
 PSYoungGen      total 147456K, used 10228K [0x00000000e0000000, 0x00000000ea500000, 0x0000000100000000)
  eden space 137216K, 0% used [0x00000000e0000000,0x00000000e0000000,0x00000000e8600000)
  from space 10240K, 99% used [0x00000000e9480000,0x00000000e9e7d258,0x00000000e9e80000)
  to   space 14848K, 0% used [0x00000000e8600000,0x00000000e8600000,0x00000000e9480000)
 ParOldGen       total 55296K, used 25098K [0x00000000a0000000, 0x00000000a3600000, 0x00000000e0000000)
  object space 55296K, 45% used [0x00000000a0000000,0x00000000a18828e8,0x00000000a3600000)
 Metaspace       used 51255K, capacity 53096K, committed 53160K, reserved 1095680K
  class space    used 6886K, capacity 7312K, committed 7336K, reserved 1048576K
}
Event: 35.774 GC heap before
{Heap before GC invocations=17 (full 2):
 PSYoungGen      total 147456K, used 92862K [0x00000000e0000000, 0x00000000ea500000, 0x0000000100000000)
  eden space 137216K, 60% used [0x00000000e0000000,0x00000000e50b2620,0x00000000e8600000)
  from space 10240K, 99% used [0x00000000e9480000,0x00000000e9e7d258,0x00000000e9e80000)
  to   space 14848K, 0% used [0x00000000e8600000,0x00000000e8600000,0x00000000e9480000)
 ParOldGen       total 55296K, used 25098K [0x00000000a0000000, 0x00000000a3600000, 0x00000000e0000000)
  object space 55296K, 45% used [0x00000000a0000000,0x00000000a18828e8,0x00000000a3600000)
 Metaspace       used 56854K, capacity 59079K, committed 59160K, reserved 1099776K
  class space    used 7805K, capacity 8279K, committed 8360K, reserved 1048576K
Event: 35.895 GC heap after
Heap after GC invocations=17 (full 2):
 PSYoungGen      total 152064K, used 7887K [0x00000000e0000000, 0x00000000ec480000, 0x0000000100000000)
  eden space 137216K, 0% used [0x00000000e0000000,0x00000000e0000000,0x00000000e8600000)
  from space 14848K, 53% used [0x00000000e8600000,0x00000000e8db3f48,0x00000000e9480000)
  to   space 14336K, 0% used [0x00000000eb680000,0x00000000eb680000,0x00000000ec480000)
 ParOldGen       total 55296K, used 32752K [0x00000000a0000000, 0x00000000a3600000, 0x00000000e0000000)
  object space 55296K, 59% used [0x00000000a0000000,0x00000000a1ffc170,0x00000000a3600000)
 Metaspace       used 56854K, capacity 59079K, committed 59160K, reserved 1099776K
  class space    used 7805K, capacity 8279K, committed 8360K, reserved 1048576K
}
Event: 35.895 GC heap before
{Heap before GC invocations=18 (full 3):
 PSYoungGen      total 152064K, used 7887K [0x00000000e0000000, 0x00000000ec480000, 0x0000000100000000)
  eden space 137216K, 0% used [0x00000000e0000000,0x00000000e0000000,0x00000000e8600000)
  from space 14848K, 53% used [0x00000000e8600000,0x00000000e8db3f48,0x00000000e9480000)
  to   space 14336K, 0% used [0x00000000eb680000,0x00000000eb680000,0x00000000ec480000)
 ParOldGen       total 55296K, used 32752K [0x00000000a0000000, 0x00000000a3600000, 0x00000000e0000000)
  object space 55296K, 59% used [0x00000000a0000000,0x00000000a1ffc170,0x00000000a3600000)
 Metaspace       used 56854K, capacity 59079K, committed 59160K, reserved 1099776K
  class space    used 7805K, capacity 8279K, committed 8360K, reserved 1048576K
Event: 36.920 GC heap after
Heap after GC invocations=18 (full 3):
 PSYoungGen      total 152064K, used 0K [0x00000000e0000000, 0x00000000ec480000, 0x0000000100000000)
  eden space 137216K, 0% used [0x00000000e0000000,0x00000000e0000000,0x00000000e8600000)
  from space 14848K, 0% used [0x00000000e8600000,0x00000000e8600000,0x00000000e9480000)
  to   space 14336K, 0% used [0x00000000eb680000,0x00000000eb680000,0x00000000ec480000)
 ParOldGen       total 91648K, used 33585K [0x00000000a0000000, 0x00000000a5980000, 0x00000000e0000000)
  object space 91648K, 36% used [0x00000000a0000000,0x00000000a20cc440,0x00000000a5980000)
 Metaspace       used 56848K, capacity 59061K, committed 59160K, reserved 1099776K
  class space    used 7803K, capacity 8276K, committed 8360K, reserved 1048576K
}

